The system is: Linux - 5.4.0-139-generic - x86_64
Compiling the CXX compiler identification source file "CMakeCXXCompilerId.cpp" succeeded.
Compiler: /usr/bin/c++ 
Build flags: 
Id flags:  

The output was:
0


Compilation of the CXX compiler identification source "CMakeCXXCompilerId.cpp" produced "a.out"

The CXX compiler identification is GNU, found in "/home/mantaray/AUV/simulation/image_capture/build/CMakeFiles/3.10.2/CompilerIdCXX/a.out"

Compiling the C compiler identification source file "CMakeCCompilerId.c" succeeded.
Compiler: /usr/bin/cc 
Build flags: 
Id flags:  

The output was:
0


Compilation of the C compiler identification source "CMakeCCompilerId.c" produced "a.out"

The C compiler identification is GNU, found in "/home/mantaray/AUV/simulation/image_capture/build/CMakeFiles/3.10.2/CompilerIdC/a.out"

Determining if the CXX compiler works passed with the following output:
Change Dir: /home/mantaray/AUV/simulation/image_capture/build/CMakeFiles/CMakeTmp

Run Build Command:"/usr/bin/make" "cmTC_23586/fast"
/usr/bin/make -f CMakeFiles/cmTC_23586.dir/build.make CMakeFiles/cmTC_23586.dir/build
make[1]: Entering directory '/home/mantaray/AUV/simulation/image_capture/build/CMakeFiles/CMakeTmp'
Building CXX object CMakeFiles/cmTC_23586.dir/testCXXCompiler.cxx.o
/usr/bin/c++    -fPIE   -o CMakeFiles/cmTC_23586.dir/testCXXCompiler.cxx.o -c /home/mantaray/AUV/simulation/image_capture/build/CMakeFiles/CMakeTmp/testCXXCompiler.cxx
Linking CXX executable cmTC_23586
/usr/bin/cmake -E cmake_link_script CMakeFiles/cmTC_23586.dir/link.txt --verbose=1
/usr/bin/c++       CMakeFiles/cmTC_23586.dir/testCXXCompiler.cxx.o  -o cmTC_23586 
make[1]: Leaving directory '/home/mantaray/AUV/simulation/image_capture/build/CMakeFiles/CMakeTmp'


Detecting CXX compiler ABI info compiled with the following output:
Change Dir: /home/mantaray/AUV/simulation/image_capture/build/CMakeFiles/CMakeTmp

Run Build Command:"/usr/bin/make" "cmTC_d5033/fast"
/usr/bin/make -f CMakeFiles/cmTC_d5033.dir/build.make CMakeFiles/cmTC_d5033.dir/build
make[1]: Entering directory '/home/mantaray/AUV/simulation/image_capture/build/CMakeFiles/CMakeTmp'
Building CXX object CMakeFiles/cmTC_d5033.dir/CMakeCXXCompilerABI.cpp.o
/usr/bin/c++    -fPIE   -o CMakeFiles/cmTC_d5033.dir/CMakeCXXCompilerABI.cpp.o -c /usr/share/cmake-3.10/Modules/CMakeCXXCompilerABI.cpp
Linking CXX executable cmTC_d5033
/usr/bin/cmake -E cmake_link_script CMakeFiles/cmTC_d5033.dir/link.txt --verbose=1
/usr/bin/c++      -v CMakeFiles/cmTC_d5033.dir/CMakeCXXCompilerABI.cpp.o  -o cmTC_d5033 
Using built-in specs.
COLLECT_GCC=/usr/bin/c++
COLLECT_LTO_WRAPPER=/usr/lib/gcc/x86_64-linux-gnu/7/lto-wrapper
OFFLOAD_TARGET_NAMES=nvptx-none
OFFLOAD_TARGET_DEFAULT=1
Target: x86_64-linux-gnu
Configured with: ../src/configure -v --with-pkgversion='Ubuntu 7.5.0-3ubuntu1~18.04' --with-bugurl=file:///usr/share/doc/gcc-7/README.Bugs --enable-languages=c,ada,c++,go,brig,d,fortran,objc,obj-c++ --prefix=/usr --with-gcc-major-version-only --program-suffix=-7 --program-prefix=x86_64-linux-gnu- --enable-shared --enable-linker-build-id --libexecdir=/usr/lib --without-included-gettext --enable-threads=posix --libdir=/usr/lib --enable-nls --enable-bootstrap --enable-clocale=gnu --enable-libstdcxx-debug --enable-libstdcxx-time=yes --with-default-libstdcxx-abi=new --enable-gnu-unique-object --disable-vtable-verify --enable-libmpx --enable-plugin --enable-default-pie --with-system-zlib --with-target-system-zlib --enable-objc-gc=auto --enable-multiarch --disable-werror --with-arch-32=i686 --with-abi=m64 --with-multilib-list=m32,m64,mx32 --enable-multilib --with-tune=generic --enable-offload-targets=nvptx-none --without-cuda-driver --enable-checking=release --build=x86_64-linux-gnu --host=x86_64-linux-gnu --target=x86_64-linux-gnu
Thread model: posix
gcc version 7.5.0 (Ubuntu 7.5.0-3ubuntu1~18.04) 
COMPILER_PATH=/usr/lib/gcc/x86_64-linux-gnu/7/:/usr/lib/gcc/x86_64-linux-gnu/7/:/usr/lib/gcc/x86_64-linux-gnu/:/usr/lib/gcc/x86_64-linux-gnu/7/:/usr/lib/gcc/x86_64-linux-gnu/
LIBRARY_PATH=/usr/lib/gcc/x86_64-linux-gnu/7/:/usr/lib/gcc/x86_64-linux-gnu/7/../../../x86_64-linux-gnu/:/usr/lib/gcc/x86_64-linux-gnu/7/../../../../lib/:/lib/x86_64-linux-gnu/:/lib/../lib/:/usr/lib/x86_64-linux-gnu/:/usr/lib/../lib/:/usr/lib/gcc/x86_64-linux-gnu/7/../../../:/lib/:/usr/lib/
COLLECT_GCC_OPTIONS='-v' '-o' 'cmTC_d5033' '-shared-libgcc' '-mtune=generic' '-march=x86-64'
 /usr/lib/gcc/x86_64-linux-gnu/7/collect2 -plugin /usr/lib/gcc/x86_64-linux-gnu/7/liblto_plugin.so -plugin-opt=/usr/lib/gcc/x86_64-linux-gnu/7/lto-wrapper -plugin-opt=-fresolution=/tmp/ccn6dwl0.res -plugin-opt=-pass-through=-lgcc_s -plugin-opt=-pass-through=-lgcc -plugin-opt=-pass-through=-lc -plugin-opt=-pass-through=-lgcc_s -plugin-opt=-pass-through=-lgcc --build-id --eh-frame-hdr -m elf_x86_64 --hash-style=gnu --as-needed -dynamic-linker /lib64/ld-linux-x86-64.so.2 -pie -z now -z relro -o cmTC_d5033 /usr/lib/gcc/x86_64-linux-gnu/7/../../../x86_64-linux-gnu/Scrt1.o /usr/lib/gcc/x86_64-linux-gnu/7/../../../x86_64-linux-gnu/crti.o /usr/lib/gcc/x86_64-linux-gnu/7/crtbeginS.o -L/usr/lib/gcc/x86_64-linux-gnu/7 -L/usr/lib/gcc/x86_64-linux-gnu/7/../../../x86_64-linux-gnu -L/usr/lib/gcc/x86_64-linux-gnu/7/../../../../lib -L/lib/x86_64-linux-gnu -L/lib/../lib -L/usr/lib/x86_64-linux-gnu -L/usr/lib/../lib -L/usr/lib/gcc/x86_64-linux-gnu/7/../../.. CMakeFiles/cmTC_d5033.dir/CMakeCXXCompilerABI.cpp.o -lstdc++ -lm -lgcc_s -lgcc -lc -lgcc_s -lgcc /usr/lib/gcc/x86_64-linux-gnu/7/crtendS.o /usr/lib/gcc/x86_64-linux-gnu/7/../../../x86_64-linux-gnu/crtn.o
COLLECT_GCC_OPTIONS='-v' '-o' 'cmTC_d5033' '-shared-libgcc' '-mtune=generic' '-march=x86-64'
make[1]: Leaving directory '/home/mantaray/AUV/simulation/image_capture/build/CMakeFiles/CMakeTmp'


Parsed CXX implicit link information from above output:
  link line regex: [^( *|.*[/\])(ld|CMAKE_LINK_STARTFILE-NOTFOUND|([^/\]+-)?ld|collect2)[^/\]*( |$)]
  ignore line: [Change Dir: /home/mantaray/AUV/simulation/image_capture/build/CMakeFiles/CMakeTmp]
  ignore line: []
  ignore line: [Run Build Command:"/usr/bin/make" "cmTC_d5033/fast"]
  ignore line: [/usr/bin/make -f CMakeFiles/cmTC_d5033.dir/build.make CMakeFiles/cmTC_d5033.dir/build]
  ignore line: [make[1]: Entering directory '/home/mantaray/AUV/simulation/image_capture/build/CMakeFiles/CMakeTmp']
  ignore line: [Building CXX object CMakeFiles/cmTC_d5033.dir/CMakeCXXCompilerABI.cpp.o]
  ignore line: [/usr/bin/c++    -fPIE   -o CMakeFiles/cmTC_d5033.dir/CMakeCXXCompilerABI.cpp.o -c /usr/share/cmake-3.10/Modules/CMakeCXXCompilerABI.cpp]
  ignore line: [Linking CXX executable cmTC_d5033]
  ignore line: [/usr/bin/cmake -E cmake_link_script CMakeFiles/cmTC_d5033.dir/link.txt --verbose=1]
  ignore line: [/usr/bin/c++      -v CMakeFiles/cmTC_d5033.dir/CMakeCXXCompilerABI.cpp.o  -o cmTC_d5033 ]
  ignore line: [Using built-in specs.]
  ignore line: [COLLECT_GCC=/usr/bin/c++]
  ignore line: [COLLECT_LTO_WRAPPER=/usr/lib/gcc/x86_64-linux-gnu/7/lto-wrapper]
  ignore line: [OFFLOAD_TARGET_NAMES=nvptx-none]
  ignore line: [OFFLOAD_TARGET_DEFAULT=1]
  ignore line: [Target: x86_64-linux-gnu]
  ignore line: [Configured with: ../src/configure -v --with-pkgversion='Ubuntu 7.5.0-3ubuntu1~18.04' --with-bugurl=file:///usr/share/doc/gcc-7/README.Bugs --enable-languages=c,ada,c++,go,brig,d,fortran,objc,obj-c++ --prefix=/usr --with-gcc-major-version-only --program-suffix=-7 --program-prefix=x86_64-linux-gnu- --enable-shared --enable-linker-build-id --libexecdir=/usr/lib --without-included-gettext --enable-threads=posix --libdir=/usr/lib --enable-nls --enable-bootstrap --enable-clocale=gnu --enable-libstdcxx-debug --enable-libstdcxx-time=yes --with-default-libstdcxx-abi=new --enable-gnu-unique-object --disable-vtable-verify --enable-libmpx --enable-plugin --enable-default-pie --with-system-zlib --with-target-system-zlib --enable-objc-gc=auto --enable-multiarch --disable-werror --with-arch-32=i686 --with-abi=m64 --with-multilib-list=m32,m64,mx32 --enable-multilib --with-tune=generic --enable-offload-targets=nvptx-none --without-cuda-driver --enable-checking=release --build=x86_64-linux-gnu --host=x86_64-linux-gnu --target=x86_64-linux-gnu]
  ignore line: [Thread model: posix]
  ignore line: [gcc version 7.5.0 (Ubuntu 7.5.0-3ubuntu1~18.04) ]
  ignore line: [COMPILER_PATH=/usr/lib/gcc/x86_64-linux-gnu/7/:/usr/lib/gcc/x86_64-linux-gnu/7/:/usr/lib/gcc/x86_64-linux-gnu/:/usr/lib/gcc/x86_64-linux-gnu/7/:/usr/lib/gcc/x86_64-linux-gnu/]
  ignore line: [LIBRARY_PATH=/usr/lib/gcc/x86_64-linux-gnu/7/:/usr/lib/gcc/x86_64-linux-gnu/7/../../../x86_64-linux-gnu/:/usr/lib/gcc/x86_64-linux-gnu/7/../../../../lib/:/lib/x86_64-linux-gnu/:/lib/../lib/:/usr/lib/x86_64-linux-gnu/:/usr/lib/../lib/:/usr/lib/gcc/x86_64-linux-gnu/7/../../../:/lib/:/usr/lib/]
  ignore line: [COLLECT_GCC_OPTIONS='-v' '-o' 'cmTC_d5033' '-shared-libgcc' '-mtune=generic' '-march=x86-64']
  link line: [ /usr/lib/gcc/x86_64-linux-gnu/7/collect2 -plugin /usr/lib/gcc/x86_64-linux-gnu/7/liblto_plugin.so -plugin-opt=/usr/lib/gcc/x86_64-linux-gnu/7/lto-wrapper -plugin-opt=-fresolution=/tmp/ccn6dwl0.res -plugin-opt=-pass-through=-lgcc_s -plugin-opt=-pass-through=-lgcc -plugin-opt=-pass-through=-lc -plugin-opt=-pass-through=-lgcc_s -plugin-opt=-pass-through=-lgcc --build-id --eh-frame-hdr -m elf_x86_64 --hash-style=gnu --as-needed -dynamic-linker /lib64/ld-linux-x86-64.so.2 -pie -z now -z relro -o cmTC_d5033 /usr/lib/gcc/x86_64-linux-gnu/7/../../../x86_64-linux-gnu/Scrt1.o /usr/lib/gcc/x86_64-linux-gnu/7/../../../x86_64-linux-gnu/crti.o /usr/lib/gcc/x86_64-linux-gnu/7/crtbeginS.o -L/usr/lib/gcc/x86_64-linux-gnu/7 -L/usr/lib/gcc/x86_64-linux-gnu/7/../../../x86_64-linux-gnu -L/usr/lib/gcc/x86_64-linux-gnu/7/../../../../lib -L/lib/x86_64-linux-gnu -L/lib/../lib -L/usr/lib/x86_64-linux-gnu -L/usr/lib/../lib -L/usr/lib/gcc/x86_64-linux-gnu/7/../../.. CMakeFiles/cmTC_d5033.dir/CMakeCXXCompilerABI.cpp.o -lstdc++ -lm -lgcc_s -lgcc -lc -lgcc_s -lgcc /usr/lib/gcc/x86_64-linux-gnu/7/crtendS.o /usr/lib/gcc/x86_64-linux-gnu/7/../../../x86_64-linux-gnu/crtn.o]
    arg [/usr/lib/gcc/x86_64-linux-gnu/7/collect2] ==> ignore
    arg [-plugin] ==> ignore
    arg [/usr/lib/gcc/x86_64-linux-gnu/7/liblto_plugin.so] ==> ignore
    arg [-plugin-opt=/usr/lib/gcc/x86_64-linux-gnu/7/lto-wrapper] ==> ignore
    arg [-plugin-opt=-fresolution=/tmp/ccn6dwl0.res] ==> ignore
    arg [-plugin-opt=-pass-through=-lgcc_s] ==> ignore
    arg [-plugin-opt=-pass-through=-lgcc] ==> ignore
    arg [-plugin-opt=-pass-through=-lc] ==> ignore
    arg [-plugin-opt=-pass-through=-lgcc_s] ==> ignore
    arg [-plugin-opt=-pass-through=-lgcc] ==> ignore
    arg [--build-id] ==> ignore
    arg [--eh-frame-hdr] ==> ignore
    arg [-m] ==> ignore
    arg [elf_x86_64] ==> ignore
    arg [--hash-style=gnu] ==> ignore
    arg [--as-needed] ==> ignore
    arg [-dynamic-linker] ==> ignore
    arg [/lib64/ld-linux-x86-64.so.2] ==> ignore
    arg [-pie] ==> ignore
    arg [-znow] ==> ignore
    arg [-zrelro] ==> ignore
    arg [-o] ==> ignore
    arg [cmTC_d5033] ==> ignore
    arg [/usr/lib/gcc/x86_64-linux-gnu/7/../../../x86_64-linux-gnu/Scrt1.o] ==> ignore
    arg [/usr/lib/gcc/x86_64-linux-gnu/7/../../../x86_64-linux-gnu/crti.o] ==> ignore
    arg [/usr/lib/gcc/x86_64-linux-gnu/7/crtbeginS.o] ==> ignore
    arg [-L/usr/lib/gcc/x86_64-linux-gnu/7] ==> dir [/usr/lib/gcc/x86_64-linux-gnu/7]
    arg [-L/usr/lib/gcc/x86_64-linux-gnu/7/../../../x86_64-linux-gnu] ==> dir [/usr/lib/gcc/x86_64-linux-gnu/7/../../../x86_64-linux-gnu]
    arg [-L/usr/lib/gcc/x86_64-linux-gnu/7/../../../../lib] ==> dir [/usr/lib/gcc/x86_64-linux-gnu/7/../../../../lib]
    arg [-L/lib/x86_64-linux-gnu] ==> dir [/lib/x86_64-linux-gnu]
    arg [-L/lib/../lib] ==> dir [/lib/../lib]
    arg [-L/usr/lib/x86_64-linux-gnu] ==> dir [/usr/lib/x86_64-linux-gnu]
    arg [-L/usr/lib/../lib] ==> dir [/usr/lib/../lib]
    arg [-L/usr/lib/gcc/x86_64-linux-gnu/7/../../..] ==> dir [/usr/lib/gcc/x86_64-linux-gnu/7/../../..]
    arg [CMakeFiles/cmTC_d5033.dir/CMakeCXXCompilerABI.cpp.o] ==> ignore
    arg [-lstdc++] ==> lib [stdc++]
    arg [-lm] ==> lib [m]
    arg [-lgcc_s] ==> lib [gcc_s]
    arg [-lgcc] ==> lib [gcc]
    arg [-lc] ==> lib [c]
    arg [-lgcc_s] ==> lib [gcc_s]
    arg [-lgcc] ==> lib [gcc]
    arg [/usr/lib/gcc/x86_64-linux-gnu/7/crtendS.o] ==> ignore
    arg [/usr/lib/gcc/x86_64-linux-gnu/7/../../../x86_64-linux-gnu/crtn.o] ==> ignore
  collapse library dir [/usr/lib/gcc/x86_64-linux-gnu/7] ==> [/usr/lib/gcc/x86_64-linux-gnu/7]
  collapse library dir [/usr/lib/gcc/x86_64-linux-gnu/7/../../../x86_64-linux-gnu] ==> [/usr/lib/x86_64-linux-gnu]
  collapse library dir [/usr/lib/gcc/x86_64-linux-gnu/7/../../../../lib] ==> [/usr/lib]
  collapse library dir [/lib/x86_64-linux-gnu] ==> [/lib/x86_64-linux-gnu]
  collapse library dir [/lib/../lib] ==> [/lib]
  collapse library dir [/usr/lib/x86_64-linux-gnu] ==> [/usr/lib/x86_64-linux-gnu]
  collapse library dir [/usr/lib/../lib] ==> [/usr/lib]
  collapse library dir [/usr/lib/gcc/x86_64-linux-gnu/7/../../..] ==> [/usr/lib]
  implicit libs: [stdc++;m;gcc_s;gcc;c;gcc_s;gcc]
  implicit dirs: [/usr/lib/gcc/x86_64-linux-gnu/7;/usr/lib/x86_64-linux-gnu;/usr/lib;/lib/x86_64-linux-gnu;/lib]
  implicit fwks: []




Detecting CXX [-std=c++1z] compiler features compiled with the following output:
Change Dir: /home/mantaray/AUV/simulation/image_capture/build/CMakeFiles/CMakeTmp

Run Build Command:"/usr/bin/make" "cmTC_a5a31/fast"
/usr/bin/make -f CMakeFiles/cmTC_a5a31.dir/build.make CMakeFiles/cmTC_a5a31.dir/build
make[1]: Entering directory '/home/mantaray/AUV/simulation/image_capture/build/CMakeFiles/CMakeTmp'
Building CXX object CMakeFiles/cmTC_a5a31.dir/feature_tests.cxx.o
/usr/bin/c++    -fPIE   -std=c++1z -o CMakeFiles/cmTC_a5a31.dir/feature_tests.cxx.o -c /home/mantaray/AUV/simulation/image_capture/build/CMakeFiles/feature_tests.cxx
Linking CXX executable cmTC_a5a31
/usr/bin/cmake -E cmake_link_script CMakeFiles/cmTC_a5a31.dir/link.txt --verbose=1
/usr/bin/c++       CMakeFiles/cmTC_a5a31.dir/feature_tests.cxx.o  -o cmTC_a5a31 
make[1]: Leaving directory '/home/mantaray/AUV/simulation/image_capture/build/CMakeFiles/CMakeTmp'


    Feature record: CXX_FEATURE:1cxx_aggregate_default_initializers
    Feature record: CXX_FEATURE:1cxx_alias_templates
    Feature record: CXX_FEATURE:1cxx_alignas
    Feature record: CXX_FEATURE:1cxx_alignof
    Feature record: CXX_FEATURE:1cxx_attributes
    Feature record: CXX_FEATURE:1cxx_attribute_deprecated
    Feature record: CXX_FEATURE:1cxx_auto_type
    Feature record: CXX_FEATURE:1cxx_binary_literals
    Feature record: CXX_FEATURE:1cxx_constexpr
    Feature record: CXX_FEATURE:1cxx_contextual_conversions
    Feature record: CXX_FEATURE:1cxx_decltype
    Feature record: CXX_FEATURE:1cxx_decltype_auto
    Feature record: CXX_FEATURE:1cxx_decltype_incomplete_return_types
    Feature record: CXX_FEATURE:1cxx_default_function_template_args
    Feature record: CXX_FEATURE:1cxx_defaulted_functions
    Feature record: CXX_FEATURE:1cxx_defaulted_move_initializers
    Feature record: CXX_FEATURE:1cxx_delegating_constructors
    Feature record: CXX_FEATURE:1cxx_deleted_functions
    Feature record: CXX_FEATURE:1cxx_digit_separators
    Feature record: CXX_FEATURE:1cxx_enum_forward_declarations
    Feature record: CXX_FEATURE:1cxx_explicit_conversions
    Feature record: CXX_FEATURE:1cxx_extended_friend_declarations
    Feature record: CXX_FEATURE:1cxx_extern_templates
    Feature record: CXX_FEATURE:1cxx_final
    Feature record: CXX_FEATURE:1cxx_func_identifier
    Feature record: CXX_FEATURE:1cxx_generalized_initializers
    Feature record: CXX_FEATURE:1cxx_generic_lambdas
    Feature record: CXX_FEATURE:1cxx_inheriting_constructors
    Feature record: CXX_FEATURE:1cxx_inline_namespaces
    Feature record: CXX_FEATURE:1cxx_lambdas
    Feature record: CXX_FEATURE:1cxx_lambda_init_captures
    Feature record: CXX_FEATURE:1cxx_local_type_template_args
    Feature record: CXX_FEATURE:1cxx_long_long_type
    Feature record: CXX_FEATURE:1cxx_noexcept
    Feature record: CXX_FEATURE:1cxx_nonstatic_member_init
    Feature record: CXX_FEATURE:1cxx_nullptr
    Feature record: CXX_FEATURE:1cxx_override
    Feature record: CXX_FEATURE:1cxx_range_for
    Feature record: CXX_FEATURE:1cxx_raw_string_literals
    Feature record: CXX_FEATURE:1cxx_reference_qualified_functions
    Feature record: CXX_FEATURE:1cxx_relaxed_constexpr
    Feature record: CXX_FEATURE:1cxx_return_type_deduction
    Feature record: CXX_FEATURE:1cxx_right_angle_brackets
    Feature record: CXX_FEATURE:1cxx_rvalue_references
    Feature record: CXX_FEATURE:1cxx_sizeof_member
    Feature record: CXX_FEATURE:1cxx_static_assert
    Feature record: CXX_FEATURE:1cxx_strong_enums
    Feature record: CXX_FEATURE:1cxx_template_template_parameters
    Feature record: CXX_FEATURE:1cxx_thread_local
    Feature record: CXX_FEATURE:1cxx_trailing_return_types
    Feature record: CXX_FEATURE:1cxx_unicode_literals
    Feature record: CXX_FEATURE:1cxx_uniform_initialization
    Feature record: CXX_FEATURE:1cxx_unrestricted_unions
    Feature record: CXX_FEATURE:1cxx_user_literals
    Feature record: CXX_FEATURE:1cxx_variable_templates
    Feature record: CXX_FEATURE:1cxx_variadic_macros
    Feature record: CXX_FEATURE:1cxx_variadic_templates


Detecting CXX [-std=c++14] compiler features compiled with the following output:
Change Dir: /home/mantaray/AUV/simulation/image_capture/build/CMakeFiles/CMakeTmp

Run Build Command:"/usr/bin/make" "cmTC_13ae8/fast"
/usr/bin/make -f CMakeFiles/cmTC_13ae8.dir/build.make CMakeFiles/cmTC_13ae8.dir/build
make[1]: Entering directory '/home/mantaray/AUV/simulation/image_capture/build/CMakeFiles/CMakeTmp'
Building CXX object CMakeFiles/cmTC_13ae8.dir/feature_tests.cxx.o
/usr/bin/c++    -fPIE   -std=c++14 -o CMakeFiles/cmTC_13ae8.dir/feature_tests.cxx.o -c /home/mantaray/AUV/simulation/image_capture/build/CMakeFiles/feature_tests.cxx
Linking CXX executable cmTC_13ae8
/usr/bin/cmake -E cmake_link_script CMakeFiles/cmTC_13ae8.dir/link.txt --verbose=1
/usr/bin/c++       CMakeFiles/cmTC_13ae8.dir/feature_tests.cxx.o  -o cmTC_13ae8 
make[1]: Leaving directory '/home/mantaray/AUV/simulation/image_capture/build/CMakeFiles/CMakeTmp'


    Feature record: CXX_FEATURE:1cxx_aggregate_default_initializers
    Feature record: CXX_FEATURE:1cxx_alias_templates
    Feature record: CXX_FEATURE:1cxx_alignas
    Feature record: CXX_FEATURE:1cxx_alignof
    Feature record: CXX_FEATURE:1cxx_attributes
    Feature record: CXX_FEATURE:1cxx_attribute_deprecated
    Feature record: CXX_FEATURE:1cxx_auto_type
    Feature record: CXX_FEATURE:1cxx_binary_literals
    Feature record: CXX_FEATURE:1cxx_constexpr
    Feature record: CXX_FEATURE:1cxx_contextual_conversions
    Feature record: CXX_FEATURE:1cxx_decltype
    Feature record: CXX_FEATURE:1cxx_decltype_auto
    Feature record: CXX_FEATURE:1cxx_decltype_incomplete_return_types
    Feature record: CXX_FEATURE:1cxx_default_function_template_args
    Feature record: CXX_FEATURE:1cxx_defaulted_functions
    Feature record: CXX_FEATURE:1cxx_defaulted_move_initializers
    Feature record: CXX_FEATURE:1cxx_delegating_constructors
    Feature record: CXX_FEATURE:1cxx_deleted_functions
    Feature record: CXX_FEATURE:1cxx_digit_separators
    Feature record: CXX_FEATURE:1cxx_enum_forward_declarations
    Feature record: CXX_FEATURE:1cxx_explicit_conversions
    Feature record: CXX_FEATURE:1cxx_extended_friend_declarations
    Feature record: CXX_FEATURE:1cxx_extern_templates
    Feature record: CXX_FEATURE:1cxx_final
    Feature record: CXX_FEATURE:1cxx_func_identifier
    Feature record: CXX_FEATURE:1cxx_generalized_initializers
    Feature record: CXX_FEATURE:1cxx_generic_lambdas
    Feature record: CXX_FEATURE:1cxx_inheriting_constructors
    Feature record: CXX_FEATURE:1cxx_inline_namespaces
    Feature record: CXX_FEATURE:1cxx_lambdas
    Feature record: CXX_FEATURE:1cxx_lambda_init_captures
    Feature record: CXX_FEATURE:1cxx_local_type_template_args
    Feature record: CXX_FEATURE:1cxx_long_long_type
    Feature record: CXX_FEATURE:1cxx_noexcept
    Feature record: CXX_FEATURE:1cxx_nonstatic_member_init
    Feature record: CXX_FEATURE:1cxx_nullptr
    Feature record: CXX_FEATURE:1cxx_override
    Feature record: CXX_FEATURE:1cxx_range_for
    Feature record: CXX_FEATURE:1cxx_raw_string_literals
    Feature record: CXX_FEATURE:1cxx_reference_qualified_functions
    Feature record: CXX_FEATURE:1cxx_relaxed_constexpr
    Feature record: CXX_FEATURE:1cxx_return_type_deduction
    Feature record: CXX_FEATURE:1cxx_right_angle_brackets
    Feature record: CXX_FEATURE:1cxx_rvalue_references
    Feature record: CXX_FEATURE:1cxx_sizeof_member
    Feature record: CXX_FEATURE:1cxx_static_assert
    Feature record: CXX_FEATURE:1cxx_strong_enums
    Feature record: CXX_FEATURE:1cxx_template_template_parameters
    Feature record: CXX_FEATURE:1cxx_thread_local
    Feature record: CXX_FEATURE:1cxx_trailing_return_types
    Feature record: CXX_FEATURE:1cxx_unicode_literals
    Feature record: CXX_FEATURE:1cxx_uniform_initialization
    Feature record: CXX_FEATURE:1cxx_unrestricted_unions
    Feature record: CXX_FEATURE:1cxx_user_literals
    Feature record: CXX_FEATURE:1cxx_variable_templates
    Feature record: CXX_FEATURE:1cxx_variadic_macros
    Feature record: CXX_FEATURE:1cxx_variadic_templates


Detecting CXX [-std=c++11] compiler features compiled with the following output:
Change Dir: /home/mantaray/AUV/simulation/image_capture/build/CMakeFiles/CMakeTmp

Run Build Command:"/usr/bin/make" "cmTC_bd88f/fast"
/usr/bin/make -f CMakeFiles/cmTC_bd88f.dir/build.make CMakeFiles/cmTC_bd88f.dir/build
make[1]: Entering directory '/home/mantaray/AUV/simulation/image_capture/build/CMakeFiles/CMakeTmp'
Building CXX object CMakeFiles/cmTC_bd88f.dir/feature_tests.cxx.o
/usr/bin/c++    -fPIE   -std=c++11 -o CMakeFiles/cmTC_bd88f.dir/feature_tests.cxx.o -c /home/mantaray/AUV/simulation/image_capture/build/CMakeFiles/feature_tests.cxx
Linking CXX executable cmTC_bd88f
/usr/bin/cmake -E cmake_link_script CMakeFiles/cmTC_bd88f.dir/link.txt --verbose=1
/usr/bin/c++       CMakeFiles/cmTC_bd88f.dir/feature_tests.cxx.o  -o cmTC_bd88f 
make[1]: Leaving directory '/home/mantaray/AUV/simulation/image_capture/build/CMakeFiles/CMakeTmp'


    Feature record: CXX_FEATURE:0cxx_aggregate_default_initializers
    Feature record: CXX_FEATURE:1cxx_alias_templates
    Feature record: CXX_FEATURE:1cxx_alignas
    Feature record: CXX_FEATURE:1cxx_alignof
    Feature record: CXX_FEATURE:1cxx_attributes
    Feature record: CXX_FEATURE:0cxx_attribute_deprecated
    Feature record: CXX_FEATURE:1cxx_auto_type
    Feature record: CXX_FEATURE:0cxx_binary_literals
    Feature record: CXX_FEATURE:1cxx_constexpr
    Feature record: CXX_FEATURE:0cxx_contextual_conversions
    Feature record: CXX_FEATURE:1cxx_decltype
    Feature record: CXX_FEATURE:0cxx_decltype_auto
    Feature record: CXX_FEATURE:1cxx_decltype_incomplete_return_types
    Feature record: CXX_FEATURE:1cxx_default_function_template_args
    Feature record: CXX_FEATURE:1cxx_defaulted_functions
    Feature record: CXX_FEATURE:1cxx_defaulted_move_initializers
    Feature record: CXX_FEATURE:1cxx_delegating_constructors
    Feature record: CXX_FEATURE:1cxx_deleted_functions
    Feature record: CXX_FEATURE:0cxx_digit_separators
    Feature record: CXX_FEATURE:1cxx_enum_forward_declarations
    Feature record: CXX_FEATURE:1cxx_explicit_conversions
    Feature record: CXX_FEATURE:1cxx_extended_friend_declarations
    Feature record: CXX_FEATURE:1cxx_extern_templates
    Feature record: CXX_FEATURE:1cxx_final
    Feature record: CXX_FEATURE:1cxx_func_identifier
    Feature record: CXX_FEATURE:1cxx_generalized_initializers
    Feature record: CXX_FEATURE:0cxx_generic_lambdas
    Feature record: CXX_FEATURE:1cxx_inheriting_constructors
    Feature record: CXX_FEATURE:1cxx_inline_namespaces
    Feature record: CXX_FEATURE:1cxx_lambdas
    Feature record: CXX_FEATURE:0cxx_lambda_init_captures
    Feature record: CXX_FEATURE:1cxx_local_type_template_args
    Feature record: CXX_FEATURE:1cxx_long_long_type
    Feature record: CXX_FEATURE:1cxx_noexcept
    Feature record: CXX_FEATURE:1cxx_nonstatic_member_init
    Feature record: CXX_FEATURE:1cxx_nullptr
    Feature record: CXX_FEATURE:1cxx_override
    Feature record: CXX_FEATURE:1cxx_range_for
    Feature record: CXX_FEATURE:1cxx_raw_string_literals
    Feature record: CXX_FEATURE:1cxx_reference_qualified_functions
    Feature record: CXX_FEATURE:0cxx_relaxed_constexpr
    Feature record: CXX_FEATURE:0cxx_return_type_deduction
    Feature record: CXX_FEATURE:1cxx_right_angle_brackets
    Feature record: CXX_FEATURE:1cxx_rvalue_references
    Feature record: CXX_FEATURE:1cxx_sizeof_member
    Feature record: CXX_FEATURE:1cxx_static_assert
    Feature record: CXX_FEATURE:1cxx_strong_enums
    Feature record: CXX_FEATURE:1cxx_template_template_parameters
    Feature record: CXX_FEATURE:1cxx_thread_local
    Feature record: CXX_FEATURE:1cxx_trailing_return_types
    Feature record: CXX_FEATURE:1cxx_unicode_literals
    Feature record: CXX_FEATURE:1cxx_uniform_initialization
    Feature record: CXX_FEATURE:1cxx_unrestricted_unions
    Feature record: CXX_FEATURE:1cxx_user_literals
    Feature record: CXX_FEATURE:0cxx_variable_templates
    Feature record: CXX_FEATURE:1cxx_variadic_macros
    Feature record: CXX_FEATURE:1cxx_variadic_templates


Detecting CXX [-std=c++98] compiler features compiled with the following output:
Change Dir: /home/mantaray/AUV/simulation/image_capture/build/CMakeFiles/CMakeTmp

Run Build Command:"/usr/bin/make" "cmTC_487c3/fast"
/usr/bin/make -f CMakeFiles/cmTC_487c3.dir/build.make CMakeFiles/cmTC_487c3.dir/build
make[1]: Entering directory '/home/mantaray/AUV/simulation/image_capture/build/CMakeFiles/CMakeTmp'
Building CXX object CMakeFiles/cmTC_487c3.dir/feature_tests.cxx.o
/usr/bin/c++    -fPIE   -std=c++98 -o CMakeFiles/cmTC_487c3.dir/feature_tests.cxx.o -c /home/mantaray/AUV/simulation/image_capture/build/CMakeFiles/feature_tests.cxx
Linking CXX executable cmTC_487c3
/usr/bin/cmake -E cmake_link_script CMakeFiles/cmTC_487c3.dir/link.txt --verbose=1
/usr/bin/c++       CMakeFiles/cmTC_487c3.dir/feature_tests.cxx.o  -o cmTC_487c3 
make[1]: Leaving directory '/home/mantaray/AUV/simulation/image_capture/build/CMakeFiles/CMakeTmp'


    Feature record: CXX_FEATURE:0cxx_aggregate_default_initializers
    Feature record: CXX_FEATURE:0cxx_alias_templates
    Feature record: CXX_FEATURE:0cxx_alignas
    Feature record: CXX_FEATURE:0cxx_alignof
    Feature record: CXX_FEATURE:0cxx_attributes
    Feature record: CXX_FEATURE:0cxx_attribute_deprecated
    Feature record: CXX_FEATURE:0cxx_auto_type
    Feature record: CXX_FEATURE:0cxx_binary_literals
    Feature record: CXX_FEATURE:0cxx_constexpr
    Feature record: CXX_FEATURE:0cxx_contextual_conversions
    Feature record: CXX_FEATURE:0cxx_decltype
    Feature record: CXX_FEATURE:0cxx_decltype_auto
    Feature record: CXX_FEATURE:0cxx_decltype_incomplete_return_types
    Feature record: CXX_FEATURE:0cxx_default_function_template_args
    Feature record: CXX_FEATURE:0cxx_defaulted_functions
    Feature record: CXX_FEATURE:0cxx_defaulted_move_initializers
    Feature record: CXX_FEATURE:0cxx_delegating_constructors
    Feature record: CXX_FEATURE:0cxx_deleted_functions
    Feature record: CXX_FEATURE:0cxx_digit_separators
    Feature record: CXX_FEATURE:0cxx_enum_forward_declarations
    Feature record: CXX_FEATURE:0cxx_explicit_conversions
    Feature record: CXX_FEATURE:0cxx_extended_friend_declarations
    Feature record: CXX_FEATURE:0cxx_extern_templates
    Feature record: CXX_FEATURE:0cxx_final
    Feature record: CXX_FEATURE:0cxx_func_identifier
    Feature record: CXX_FEATURE:0cxx_generalized_initializers
    Feature record: CXX_FEATURE:0cxx_generic_lambdas
    Feature record: CXX_FEATURE:0cxx_inheriting_constructors
    Feature record: CXX_FEATURE:0cxx_inline_namespaces
    Feature record: CXX_FEATURE:0cxx_lambdas
    Feature record: CXX_FEATURE:0cxx_lambda_init_captures
    Feature record: CXX_FEATURE:0cxx_local_type_template_args
    Feature record: CXX_FEATURE:0cxx_long_long_type
    Feature record: CXX_FEATURE:0cxx_noexcept
    Feature record: CXX_FEATURE:0cxx_nonstatic_member_init
    Feature record: CXX_FEATURE:0cxx_nullptr
    Feature record: CXX_FEATURE:0cxx_override
    Feature record: CXX_FEATURE:0cxx_range_for
    Feature record: CXX_FEATURE:0cxx_raw_string_literals
    Feature record: CXX_FEATURE:0cxx_reference_qualified_functions
    Feature record: CXX_FEATURE:0cxx_relaxed_constexpr
    Feature record: CXX_FEATURE:0cxx_return_type_deduction
    Feature record: CXX_FEATURE:0cxx_right_angle_brackets
    Feature record: CXX_FEATURE:0cxx_rvalue_references
    Feature record: CXX_FEATURE:0cxx_sizeof_member
    Feature record: CXX_FEATURE:0cxx_static_assert
    Feature record: CXX_FEATURE:0cxx_strong_enums
    Feature record: CXX_FEATURE:1cxx_template_template_parameters
    Feature record: CXX_FEATURE:0cxx_thread_local
    Feature record: CXX_FEATURE:0cxx_trailing_return_types
    Feature record: CXX_FEATURE:0cxx_unicode_literals
    Feature record: CXX_FEATURE:0cxx_uniform_initialization
    Feature record: CXX_FEATURE:0cxx_unrestricted_unions
    Feature record: CXX_FEATURE:0cxx_user_literals
    Feature record: CXX_FEATURE:0cxx_variable_templates
    Feature record: CXX_FEATURE:0cxx_variadic_macros
    Feature record: CXX_FEATURE:0cxx_variadic_templates
Determining if the C compiler works passed with the following output:
Change Dir: /home/mantaray/AUV/simulation/image_capture/build/CMakeFiles/CMakeTmp

Run Build Command:"/usr/bin/make" "cmTC_d4b69/fast"
/usr/bin/make -f CMakeFiles/cmTC_d4b69.dir/build.make CMakeFiles/cmTC_d4b69.dir/build
make[1]: Entering directory '/home/mantaray/AUV/simulation/image_capture/build/CMakeFiles/CMakeTmp'
Building C object CMakeFiles/cmTC_d4b69.dir/testCCompiler.c.o
/usr/bin/cc   -fPIE   -o CMakeFiles/cmTC_d4b69.dir/testCCompiler.c.o   -c /home/mantaray/AUV/simulation/image_capture/build/CMakeFiles/CMakeTmp/testCCompiler.c
Linking C executable cmTC_d4b69
/usr/bin/cmake -E cmake_link_script CMakeFiles/cmTC_d4b69.dir/link.txt --verbose=1
/usr/bin/cc      CMakeFiles/cmTC_d4b69.dir/testCCompiler.c.o  -o cmTC_d4b69 
make[1]: Leaving directory '/home/mantaray/AUV/simulation/image_capture/build/CMakeFiles/CMakeTmp'


Detecting C compiler ABI info compiled with the following output:
Change Dir: /home/mantaray/AUV/simulation/image_capture/build/CMakeFiles/CMakeTmp

Run Build Command:"/usr/bin/make" "cmTC_95617/fast"
/usr/bin/make -f CMakeFiles/cmTC_95617.dir/build.make CMakeFiles/cmTC_95617.dir/build
make[1]: Entering directory '/home/mantaray/AUV/simulation/image_capture/build/CMakeFiles/CMakeTmp'
Building C object CMakeFiles/cmTC_95617.dir/CMakeCCompilerABI.c.o
/usr/bin/cc   -fPIE   -o CMakeFiles/cmTC_95617.dir/CMakeCCompilerABI.c.o   -c /usr/share/cmake-3.10/Modules/CMakeCCompilerABI.c
Linking C executable cmTC_95617
/usr/bin/cmake -E cmake_link_script CMakeFiles/cmTC_95617.dir/link.txt --verbose=1
/usr/bin/cc     -v CMakeFiles/cmTC_95617.dir/CMakeCCompilerABI.c.o  -o cmTC_95617 
Using built-in specs.
COLLECT_GCC=/usr/bin/cc
COLLECT_LTO_WRAPPER=/usr/lib/gcc/x86_64-linux-gnu/7/lto-wrapper
OFFLOAD_TARGET_NAMES=nvptx-none
OFFLOAD_TARGET_DEFAULT=1
Target: x86_64-linux-gnu
Configured with: ../src/configure -v --with-pkgversion='Ubuntu 7.5.0-3ubuntu1~18.04' --with-bugurl=file:///usr/share/doc/gcc-7/README.Bugs --enable-languages=c,ada,c++,go,brig,d,fortran,objc,obj-c++ --prefix=/usr --with-gcc-major-version-only --program-suffix=-7 --program-prefix=x86_64-linux-gnu- --enable-shared --enable-linker-build-id --libexecdir=/usr/lib --without-included-gettext --enable-threads=posix --libdir=/usr/lib --enable-nls --enable-bootstrap --enable-clocale=gnu --enable-libstdcxx-debug --enable-libstdcxx-time=yes --with-default-libstdcxx-abi=new --enable-gnu-unique-object --disable-vtable-verify --enable-libmpx --enable-plugin --enable-default-pie --with-system-zlib --with-target-system-zlib --enable-objc-gc=auto --enable-multiarch --disable-werror --with-arch-32=i686 --with-abi=m64 --with-multilib-list=m32,m64,mx32 --enable-multilib --with-tune=generic --enable-offload-targets=nvptx-none --without-cuda-driver --enable-checking=release --build=x86_64-linux-gnu --host=x86_64-linux-gnu --target=x86_64-linux-gnu
Thread model: posix
gcc version 7.5.0 (Ubuntu 7.5.0-3ubuntu1~18.04) 
COMPILER_PATH=/usr/lib/gcc/x86_64-linux-gnu/7/:/usr/lib/gcc/x86_64-linux-gnu/7/:/usr/lib/gcc/x86_64-linux-gnu/:/usr/lib/gcc/x86_64-linux-gnu/7/:/usr/lib/gcc/x86_64-linux-gnu/
LIBRARY_PATH=/usr/lib/gcc/x86_64-linux-gnu/7/:/usr/lib/gcc/x86_64-linux-gnu/7/../../../x86_64-linux-gnu/:/usr/lib/gcc/x86_64-linux-gnu/7/../../../../lib/:/lib/x86_64-linux-gnu/:/lib/../lib/:/usr/lib/x86_64-linux-gnu/:/usr/lib/../lib/:/usr/lib/gcc/x86_64-linux-gnu/7/../../../:/lib/:/usr/lib/
COLLECT_GCC_OPTIONS='-v' '-o' 'cmTC_95617' '-mtune=generic' '-march=x86-64'
 /usr/lib/gcc/x86_64-linux-gnu/7/collect2 -plugin /usr/lib/gcc/x86_64-linux-gnu/7/liblto_plugin.so -plugin-opt=/usr/lib/gcc/x86_64-linux-gnu/7/lto-wrapper -plugin-opt=-fresolution=/tmp/ccGLxz0x.res -plugin-opt=-pass-through=-lgcc -plugin-opt=-pass-through=-lgcc_s -plugin-opt=-pass-through=-lc -plugin-opt=-pass-through=-lgcc -plugin-opt=-pass-through=-lgcc_s --build-id --eh-frame-hdr -m elf_x86_64 --hash-style=gnu --as-needed -dynamic-linker /lib64/ld-linux-x86-64.so.2 -pie -z now -z relro -o cmTC_95617 /usr/lib/gcc/x86_64-linux-gnu/7/../../../x86_64-linux-gnu/Scrt1.o /usr/lib/gcc/x86_64-linux-gnu/7/../../../x86_64-linux-gnu/crti.o /usr/lib/gcc/x86_64-linux-gnu/7/crtbeginS.o -L/usr/lib/gcc/x86_64-linux-gnu/7 -L/usr/lib/gcc/x86_64-linux-gnu/7/../../../x86_64-linux-gnu -L/usr/lib/gcc/x86_64-linux-gnu/7/../../../../lib -L/lib/x86_64-linux-gnu -L/lib/../lib -L/usr/lib/x86_64-linux-gnu -L/usr/lib/../lib -L/usr/lib/gcc/x86_64-linux-gnu/7/../../.. CMakeFiles/cmTC_95617.dir/CMakeCCompilerABI.c.o -lgcc --push-state --as-needed -lgcc_s --pop-state -lc -lgcc --push-state --as-needed -lgcc_s --pop-state /usr/lib/gcc/x86_64-linux-gnu/7/crtendS.o /usr/lib/gcc/x86_64-linux-gnu/7/../../../x86_64-linux-gnu/crtn.o
COLLECT_GCC_OPTIONS='-v' '-o' 'cmTC_95617' '-mtune=generic' '-march=x86-64'
make[1]: Leaving directory '/home/mantaray/AUV/simulation/image_capture/build/CMakeFiles/CMakeTmp'


Parsed C implicit link information from above output:
  link line regex: [^( *|.*[/\])(ld|CMAKE_LINK_STARTFILE-NOTFOUND|([^/\]+-)?ld|collect2)[^/\]*( |$)]
  ignore line: [Change Dir: /home/mantaray/AUV/simulation/image_capture/build/CMakeFiles/CMakeTmp]
  ignore line: []
  ignore line: [Run Build Command:"/usr/bin/make" "cmTC_95617/fast"]
  ignore line: [/usr/bin/make -f CMakeFiles/cmTC_95617.dir/build.make CMakeFiles/cmTC_95617.dir/build]
  ignore line: [make[1]: Entering directory '/home/mantaray/AUV/simulation/image_capture/build/CMakeFiles/CMakeTmp']
  ignore line: [Building C object CMakeFiles/cmTC_95617.dir/CMakeCCompilerABI.c.o]
  ignore line: [/usr/bin/cc   -fPIE   -o CMakeFiles/cmTC_95617.dir/CMakeCCompilerABI.c.o   -c /usr/share/cmake-3.10/Modules/CMakeCCompilerABI.c]
  ignore line: [Linking C executable cmTC_95617]
  ignore line: [/usr/bin/cmake -E cmake_link_script CMakeFiles/cmTC_95617.dir/link.txt --verbose=1]
  ignore line: [/usr/bin/cc     -v CMakeFiles/cmTC_95617.dir/CMakeCCompilerABI.c.o  -o cmTC_95617 ]
  ignore line: [Using built-in specs.]
  ignore line: [COLLECT_GCC=/usr/bin/cc]
  ignore line: [COLLECT_LTO_WRAPPER=/usr/lib/gcc/x86_64-linux-gnu/7/lto-wrapper]
  ignore line: [OFFLOAD_TARGET_NAMES=nvptx-none]
  ignore line: [OFFLOAD_TARGET_DEFAULT=1]
  ignore line: [Target: x86_64-linux-gnu]
  ignore line: [Configured with: ../src/configure -v --with-pkgversion='Ubuntu 7.5.0-3ubuntu1~18.04' --with-bugurl=file:///usr/share/doc/gcc-7/README.Bugs --enable-languages=c,ada,c++,go,brig,d,fortran,objc,obj-c++ --prefix=/usr --with-gcc-major-version-only --program-suffix=-7 --program-prefix=x86_64-linux-gnu- --enable-shared --enable-linker-build-id --libexecdir=/usr/lib --without-included-gettext --enable-threads=posix --libdir=/usr/lib --enable-nls --enable-bootstrap --enable-clocale=gnu --enable-libstdcxx-debug --enable-libstdcxx-time=yes --with-default-libstdcxx-abi=new --enable-gnu-unique-object --disable-vtable-verify --enable-libmpx --enable-plugin --enable-default-pie --with-system-zlib --with-target-system-zlib --enable-objc-gc=auto --enable-multiarch --disable-werror --with-arch-32=i686 --with-abi=m64 --with-multilib-list=m32,m64,mx32 --enable-multilib --with-tune=generic --enable-offload-targets=nvptx-none --without-cuda-driver --enable-checking=release --build=x86_64-linux-gnu --host=x86_64-linux-gnu --target=x86_64-linux-gnu]
  ignore line: [Thread model: posix]
  ignore line: [gcc version 7.5.0 (Ubuntu 7.5.0-3ubuntu1~18.04) ]
  ignore line: [COMPILER_PATH=/usr/lib/gcc/x86_64-linux-gnu/7/:/usr/lib/gcc/x86_64-linux-gnu/7/:/usr/lib/gcc/x86_64-linux-gnu/:/usr/lib/gcc/x86_64-linux-gnu/7/:/usr/lib/gcc/x86_64-linux-gnu/]
  ignore line: [LIBRARY_PATH=/usr/lib/gcc/x86_64-linux-gnu/7/:/usr/lib/gcc/x86_64-linux-gnu/7/../../../x86_64-linux-gnu/:/usr/lib/gcc/x86_64-linux-gnu/7/../../../../lib/:/lib/x86_64-linux-gnu/:/lib/../lib/:/usr/lib/x86_64-linux-gnu/:/usr/lib/../lib/:/usr/lib/gcc/x86_64-linux-gnu/7/../../../:/lib/:/usr/lib/]
  ignore line: [COLLECT_GCC_OPTIONS='-v' '-o' 'cmTC_95617' '-mtune=generic' '-march=x86-64']
  link line: [ /usr/lib/gcc/x86_64-linux-gnu/7/collect2 -plugin /usr/lib/gcc/x86_64-linux-gnu/7/liblto_plugin.so -plugin-opt=/usr/lib/gcc/x86_64-linux-gnu/7/lto-wrapper -plugin-opt=-fresolution=/tmp/ccGLxz0x.res -plugin-opt=-pass-through=-lgcc -plugin-opt=-pass-through=-lgcc_s -plugin-opt=-pass-through=-lc -plugin-opt=-pass-through=-lgcc -plugin-opt=-pass-through=-lgcc_s --build-id --eh-frame-hdr -m elf_x86_64 --hash-style=gnu --as-needed -dynamic-linker /lib64/ld-linux-x86-64.so.2 -pie -z now -z relro -o cmTC_95617 /usr/lib/gcc/x86_64-linux-gnu/7/../../../x86_64-linux-gnu/Scrt1.o /usr/lib/gcc/x86_64-linux-gnu/7/../../../x86_64-linux-gnu/crti.o /usr/lib/gcc/x86_64-linux-gnu/7/crtbeginS.o -L/usr/lib/gcc/x86_64-linux-gnu/7 -L/usr/lib/gcc/x86_64-linux-gnu/7/../../../x86_64-linux-gnu -L/usr/lib/gcc/x86_64-linux-gnu/7/../../../../lib -L/lib/x86_64-linux-gnu -L/lib/../lib -L/usr/lib/x86_64-linux-gnu -L/usr/lib/../lib -L/usr/lib/gcc/x86_64-linux-gnu/7/../../.. CMakeFiles/cmTC_95617.dir/CMakeCCompilerABI.c.o -lgcc --push-state --as-needed -lgcc_s --pop-state -lc -lgcc --push-state --as-needed -lgcc_s --pop-state /usr/lib/gcc/x86_64-linux-gnu/7/crtendS.o /usr/lib/gcc/x86_64-linux-gnu/7/../../../x86_64-linux-gnu/crtn.o]
    arg [/usr/lib/gcc/x86_64-linux-gnu/7/collect2] ==> ignore
    arg [-plugin] ==> ignore
    arg [/usr/lib/gcc/x86_64-linux-gnu/7/liblto_plugin.so] ==> ignore
    arg [-plugin-opt=/usr/lib/gcc/x86_64-linux-gnu/7/lto-wrapper] ==> ignore
    arg [-plugin-opt=-fresolution=/tmp/ccGLxz0x.res] ==> ignore
    arg [-plugin-opt=-pass-through=-lgcc] ==> ignore
    arg [-plugin-opt=-pass-through=-lgcc_s] ==> ignore
    arg [-plugin-opt=-pass-through=-lc] ==> ignore
    arg [-plugin-opt=-pass-through=-lgcc] ==> ignore
    arg [-plugin-opt=-pass-through=-lgcc_s] ==> ignore
    arg [--build-id] ==> ignore
    arg [--eh-frame-hdr] ==> ignore
    arg [-m] ==> ignore
    arg [elf_x86_64] ==> ignore
    arg [--hash-style=gnu] ==> ignore
    arg [--as-needed] ==> ignore
    arg [-dynamic-linker] ==> ignore
    arg [/lib64/ld-linux-x86-64.so.2] ==> ignore
    arg [-pie] ==> ignore
    arg [-znow] ==> ignore
    arg [-zrelro] ==> ignore
    arg [-o] ==> ignore
    arg [cmTC_95617] ==> ignore
    arg [/usr/lib/gcc/x86_64-linux-gnu/7/../../../x86_64-linux-gnu/Scrt1.o] ==> ignore
    arg [/usr/lib/gcc/x86_64-linux-gnu/7/../../../x86_64-linux-gnu/crti.o] ==> ignore
    arg [/usr/lib/gcc/x86_64-linux-gnu/7/crtbeginS.o] ==> ignore
    arg [-L/usr/lib/gcc/x86_64-linux-gnu/7] ==> dir [/usr/lib/gcc/x86_64-linux-gnu/7]
    arg [-L/usr/lib/gcc/x86_64-linux-gnu/7/../../../x86_64-linux-gnu] ==> dir [/usr/lib/gcc/x86_64-linux-gnu/7/../../../x86_64-linux-gnu]
    arg [-L/usr/lib/gcc/x86_64-linux-gnu/7/../../../../lib] ==> dir [/usr/lib/gcc/x86_64-linux-gnu/7/../../../../lib]
    arg [-L/lib/x86_64-linux-gnu] ==> dir [/lib/x86_64-linux-gnu]
    arg [-L/lib/../lib] ==> dir [/lib/../lib]
    arg [-L/usr/lib/x86_64-linux-gnu] ==> dir [/usr/lib/x86_64-linux-gnu]
    arg [-L/usr/lib/../lib] ==> dir [/usr/lib/../lib]
    arg [-L/usr/lib/gcc/x86_64-linux-gnu/7/../../..] ==> dir [/usr/lib/gcc/x86_64-linux-gnu/7/../../..]
    arg [CMakeFiles/cmTC_95617.dir/CMakeCCompilerABI.c.o] ==> ignore
    arg [-lgcc] ==> lib [gcc]
    arg [--push-state] ==> ignore
    arg [--as-needed] ==> ignore
    arg [-lgcc_s] ==> lib [gcc_s]
    arg [--pop-state] ==> ignore
    arg [-lc] ==> lib [c]
    arg [-lgcc] ==> lib [gcc]
    arg [--push-state] ==> ignore
    arg [--as-needed] ==> ignore
    arg [-lgcc_s] ==> lib [gcc_s]
    arg [--pop-state] ==> ignore
    arg [/usr/lib/gcc/x86_64-linux-gnu/7/crtendS.o] ==> ignore
    arg [/usr/lib/gcc/x86_64-linux-gnu/7/../../../x86_64-linux-gnu/crtn.o] ==> ignore
  collapse library dir [/usr/lib/gcc/x86_64-linux-gnu/7] ==> [/usr/lib/gcc/x86_64-linux-gnu/7]
  collapse library dir [/usr/lib/gcc/x86_64-linux-gnu/7/../../../x86_64-linux-gnu] ==> [/usr/lib/x86_64-linux-gnu]
  collapse library dir [/usr/lib/gcc/x86_64-linux-gnu/7/../../../../lib] ==> [/usr/lib]
  collapse library dir [/lib/x86_64-linux-gnu] ==> [/lib/x86_64-linux-gnu]
  collapse library dir [/lib/../lib] ==> [/lib]
  collapse library dir [/usr/lib/x86_64-linux-gnu] ==> [/usr/lib/x86_64-linux-gnu]
  collapse library dir [/usr/lib/../lib] ==> [/usr/lib]
  collapse library dir [/usr/lib/gcc/x86_64-linux-gnu/7/../../..] ==> [/usr/lib]
  implicit libs: [gcc;gcc_s;c;gcc;gcc_s]
  implicit dirs: [/usr/lib/gcc/x86_64-linux-gnu/7;/usr/lib/x86_64-linux-gnu;/usr/lib;/lib/x86_64-linux-gnu;/lib]
  implicit fwks: []




Detecting C [-std=c11] compiler features compiled with the following output:
Change Dir: /home/mantaray/AUV/simulation/image_capture/build/CMakeFiles/CMakeTmp

Run Build Command:"/usr/bin/make" "cmTC_43f1f/fast"
/usr/bin/make -f CMakeFiles/cmTC_43f1f.dir/build.make CMakeFiles/cmTC_43f1f.dir/build
make[1]: Entering directory '/home/mantaray/AUV/simulation/image_capture/build/CMakeFiles/CMakeTmp'
Building C object CMakeFiles/cmTC_43f1f.dir/feature_tests.c.o
/usr/bin/cc   -fPIE   -std=c11 -o CMakeFiles/cmTC_43f1f.dir/feature_tests.c.o   -c /home/mantaray/AUV/simulation/image_capture/build/CMakeFiles/feature_tests.c
Linking C executable cmTC_43f1f
/usr/bin/cmake -E cmake_link_script CMakeFiles/cmTC_43f1f.dir/link.txt --verbose=1
/usr/bin/cc      CMakeFiles/cmTC_43f1f.dir/feature_tests.c.o  -o cmTC_43f1f 
make[1]: Leaving directory '/home/mantaray/AUV/simulation/image_capture/build/CMakeFiles/CMakeTmp'


    Feature record: C_FEATURE:1c_function_prototypes
    Feature record: C_FEATURE:1c_restrict
    Feature record: C_FEATURE:1c_static_assert
    Feature record: C_FEATURE:1c_variadic_macros


Detecting C [-std=c99] compiler features compiled with the following output:
Change Dir: /home/mantaray/AUV/simulation/image_capture/build/CMakeFiles/CMakeTmp

Run Build Command:"/usr/bin/make" "cmTC_4212d/fast"
/usr/bin/make -f CMakeFiles/cmTC_4212d.dir/build.make CMakeFiles/cmTC_4212d.dir/build
make[1]: Entering directory '/home/mantaray/AUV/simulation/image_capture/build/CMakeFiles/CMakeTmp'
Building C object CMakeFiles/cmTC_4212d.dir/feature_tests.c.o
/usr/bin/cc   -fPIE   -std=c99 -o CMakeFiles/cmTC_4212d.dir/feature_tests.c.o   -c /home/mantaray/AUV/simulation/image_capture/build/CMakeFiles/feature_tests.c
Linking C executable cmTC_4212d
/usr/bin/cmake -E cmake_link_script CMakeFiles/cmTC_4212d.dir/link.txt --verbose=1
/usr/bin/cc      CMakeFiles/cmTC_4212d.dir/feature_tests.c.o  -o cmTC_4212d 
make[1]: Leaving directory '/home/mantaray/AUV/simulation/image_capture/build/CMakeFiles/CMakeTmp'


    Feature record: C_FEATURE:1c_function_prototypes
    Feature record: C_FEATURE:1c_restrict
    Feature record: C_FEATURE:0c_static_assert
    Feature record: C_FEATURE:1c_variadic_macros


Detecting C [-std=c90] compiler features compiled with the following output:
Change Dir: /home/mantaray/AUV/simulation/image_capture/build/CMakeFiles/CMakeTmp

Run Build Command:"/usr/bin/make" "cmTC_e8216/fast"
/usr/bin/make -f CMakeFiles/cmTC_e8216.dir/build.make CMakeFiles/cmTC_e8216.dir/build
make[1]: Entering directory '/home/mantaray/AUV/simulation/image_capture/build/CMakeFiles/CMakeTmp'
Building C object CMakeFiles/cmTC_e8216.dir/feature_tests.c.o
/usr/bin/cc   -fPIE   -std=c90 -o CMakeFiles/cmTC_e8216.dir/feature_tests.c.o   -c /home/mantaray/AUV/simulation/image_capture/build/CMakeFiles/feature_tests.c
Linking C executable cmTC_e8216
/usr/bin/cmake -E cmake_link_script CMakeFiles/cmTC_e8216.dir/link.txt --verbose=1
/usr/bin/cc      CMakeFiles/cmTC_e8216.dir/feature_tests.c.o  -o cmTC_e8216 
make[1]: Leaving directory '/home/mantaray/AUV/simulation/image_capture/build/CMakeFiles/CMakeTmp'


    Feature record: C_FEATURE:1c_function_prototypes
    Feature record: C_FEATURE:0c_restrict
    Feature record: C_FEATURE:0c_static_assert
    Feature record: C_FEATURE:0c_variadic_macros
Determining if the include file pthread.h exists passed with the following output:
Change Dir: /home/mantaray/AUV/simulation/image_capture/build/CMakeFiles/CMakeTmp

Run Build Command:"/usr/bin/make" "cmTC_d92f5/fast"
/usr/bin/make -f CMakeFiles/cmTC_d92f5.dir/build.make CMakeFiles/cmTC_d92f5.dir/build
make[1]: Entering directory '/home/mantaray/AUV/simulation/image_capture/build/CMakeFiles/CMakeTmp'
Building C object CMakeFiles/cmTC_d92f5.dir/CheckIncludeFile.c.o
/usr/bin/cc   -fsigned-char -W -Wall -Wreturn-type -Waddress -Wsequence-point -Wformat -Wformat-security -Wmissing-declarations -Wmissing-prototypes -Wstrict-prototypes -Wundef -Winit-self -Wpointer-arith -Wshadow -Wuninitialized -Wno-comment -Wimplicit-fallthrough=3 -Wno-strict-overflow -fdiagnostics-show-option -Wno-long-long -pthread -fomit-frame-pointer -ffunction-sections -fdata-sections  -msse -msse2 -msse3 -fvisibility=hidden  -O3 -DNDEBUG  -DNDEBUG -fPIE   -o CMakeFiles/cmTC_d92f5.dir/CheckIncludeFile.c.o   -c /home/mantaray/AUV/simulation/image_capture/build/CMakeFiles/CMakeTmp/CheckIncludeFile.c
Linking C executable cmTC_d92f5
/usr/bin/cmake -E cmake_link_script CMakeFiles/cmTC_d92f5.dir/link.txt --verbose=1
/usr/bin/cc    -fsigned-char -W -Wall -Wreturn-type -Waddress -Wsequence-point -Wformat -Wformat-security -Wmissing-declarations -Wmissing-prototypes -Wstrict-prototypes -Wundef -Winit-self -Wpointer-arith -Wshadow -Wuninitialized -Wno-comment -Wimplicit-fallthrough=3 -Wno-strict-overflow -fdiagnostics-show-option -Wno-long-long -pthread -fomit-frame-pointer -ffunction-sections -fdata-sections  -msse -msse2 -msse3 -fvisibility=hidden  -O3 -DNDEBUG  -DNDEBUG    -Wl,--gc-sections -Wl,--as-needed -Wl,--no-undefined  CMakeFiles/cmTC_d92f5.dir/CheckIncludeFile.c.o  -o cmTC_d92f5 
make[1]: Leaving directory '/home/mantaray/AUV/simulation/image_capture/build/CMakeFiles/CMakeTmp'


Determining if the posix_memalign exist passed with the following output:
Change Dir: /home/mantaray/AUV/simulation/image_capture/build/CMakeFiles/CMakeTmp

Run Build Command:"/usr/bin/make" "cmTC_7a004/fast"
/usr/bin/make -f CMakeFiles/cmTC_7a004.dir/build.make CMakeFiles/cmTC_7a004.dir/build
make[1]: Entering directory '/home/mantaray/AUV/simulation/image_capture/build/CMakeFiles/CMakeTmp'
Building C object CMakeFiles/cmTC_7a004.dir/CheckSymbolExists.c.o
/usr/bin/cc   -fsigned-char -W -Wall -Wreturn-type -Waddress -Wsequence-point -Wformat -Wformat-security -Wmissing-declarations -Wmissing-prototypes -Wstrict-prototypes -Wundef -Winit-self -Wpointer-arith -Wshadow -Wuninitialized -Wno-comment -Wimplicit-fallthrough=3 -Wno-strict-overflow -fdiagnostics-show-option -Wno-long-long -pthread -fomit-frame-pointer -ffunction-sections -fdata-sections  -msse -msse2 -msse3 -fvisibility=hidden  -O3 -DNDEBUG  -DNDEBUG -fPIE   -o CMakeFiles/cmTC_7a004.dir/CheckSymbolExists.c.o   -c /home/mantaray/AUV/simulation/image_capture/build/CMakeFiles/CMakeTmp/CheckSymbolExists.c
Linking C executable cmTC_7a004
/usr/bin/cmake -E cmake_link_script CMakeFiles/cmTC_7a004.dir/link.txt --verbose=1
/usr/bin/cc    -fsigned-char -W -Wall -Wreturn-type -Waddress -Wsequence-point -Wformat -Wformat-security -Wmissing-declarations -Wmissing-prototypes -Wstrict-prototypes -Wundef -Winit-self -Wpointer-arith -Wshadow -Wuninitialized -Wno-comment -Wimplicit-fallthrough=3 -Wno-strict-overflow -fdiagnostics-show-option -Wno-long-long -pthread -fomit-frame-pointer -ffunction-sections -fdata-sections  -msse -msse2 -msse3 -fvisibility=hidden  -O3 -DNDEBUG  -DNDEBUG    -Wl,--gc-sections -Wl,--as-needed -Wl,--no-undefined  CMakeFiles/cmTC_7a004.dir/CheckSymbolExists.c.o  -o cmTC_7a004 
make[1]: Leaving directory '/home/mantaray/AUV/simulation/image_capture/build/CMakeFiles/CMakeTmp'

File /home/mantaray/AUV/simulation/image_capture/build/CMakeFiles/CMakeTmp/CheckSymbolExists.c:
/* */
#include <stdlib.h>

int main(int argc, char** argv)
{
  (void)argv;
#ifndef posix_memalign
  return ((int*)(&posix_memalign))[argc];
#else
  (void)argc;
  return 0;
#endif
}

Determining if the include file malloc.h exists passed with the following output:
Change Dir: /home/mantaray/AUV/simulation/image_capture/build/CMakeFiles/CMakeTmp

Run Build Command:"/usr/bin/make" "cmTC_d4127/fast"
/usr/bin/make -f CMakeFiles/cmTC_d4127.dir/build.make CMakeFiles/cmTC_d4127.dir/build
make[1]: Entering directory '/home/mantaray/AUV/simulation/image_capture/build/CMakeFiles/CMakeTmp'
Building C object CMakeFiles/cmTC_d4127.dir/CheckIncludeFile.c.o
/usr/bin/cc   -fsigned-char -W -Wall -Wreturn-type -Waddress -Wsequence-point -Wformat -Wformat-security -Wmissing-declarations -Wmissing-prototypes -Wstrict-prototypes -Wundef -Winit-self -Wpointer-arith -Wshadow -Wuninitialized -Wno-comment -Wimplicit-fallthrough=3 -Wno-strict-overflow -fdiagnostics-show-option -Wno-long-long -pthread -fomit-frame-pointer -ffunction-sections -fdata-sections  -msse -msse2 -msse3 -fvisibility=hidden  -O3 -DNDEBUG  -DNDEBUG -fPIE   -o CMakeFiles/cmTC_d4127.dir/CheckIncludeFile.c.o   -c /home/mantaray/AUV/simulation/image_capture/build/CMakeFiles/CMakeTmp/CheckIncludeFile.c
Linking C executable cmTC_d4127
/usr/bin/cmake -E cmake_link_script CMakeFiles/cmTC_d4127.dir/link.txt --verbose=1
/usr/bin/cc    -fsigned-char -W -Wall -Wreturn-type -Waddress -Wsequence-point -Wformat -Wformat-security -Wmissing-declarations -Wmissing-prototypes -Wstrict-prototypes -Wundef -Winit-self -Wpointer-arith -Wshadow -Wuninitialized -Wno-comment -Wimplicit-fallthrough=3 -Wno-strict-overflow -fdiagnostics-show-option -Wno-long-long -pthread -fomit-frame-pointer -ffunction-sections -fdata-sections  -msse -msse2 -msse3 -fvisibility=hidden  -O3 -DNDEBUG  -DNDEBUG    -Wl,--gc-sections -Wl,--as-needed -Wl,--no-undefined  CMakeFiles/cmTC_d4127.dir/CheckIncludeFile.c.o  -o cmTC_d4127 
make[1]: Leaving directory '/home/mantaray/AUV/simulation/image_capture/build/CMakeFiles/CMakeTmp'


Determining if the memalign exist passed with the following output:
Change Dir: /home/mantaray/AUV/simulation/image_capture/build/CMakeFiles/CMakeTmp

Run Build Command:"/usr/bin/make" "cmTC_43201/fast"
/usr/bin/make -f CMakeFiles/cmTC_43201.dir/build.make CMakeFiles/cmTC_43201.dir/build
make[1]: Entering directory '/home/mantaray/AUV/simulation/image_capture/build/CMakeFiles/CMakeTmp'
Building C object CMakeFiles/cmTC_43201.dir/CheckSymbolExists.c.o
/usr/bin/cc   -fsigned-char -W -Wall -Wreturn-type -Waddress -Wsequence-point -Wformat -Wformat-security -Wmissing-declarations -Wmissing-prototypes -Wstrict-prototypes -Wundef -Winit-self -Wpointer-arith -Wshadow -Wuninitialized -Wno-comment -Wimplicit-fallthrough=3 -Wno-strict-overflow -fdiagnostics-show-option -Wno-long-long -pthread -fomit-frame-pointer -ffunction-sections -fdata-sections  -msse -msse2 -msse3 -fvisibility=hidden  -O3 -DNDEBUG  -DNDEBUG -fPIE   -o CMakeFiles/cmTC_43201.dir/CheckSymbolExists.c.o   -c /home/mantaray/AUV/simulation/image_capture/build/CMakeFiles/CMakeTmp/CheckSymbolExists.c
Linking C executable cmTC_43201
/usr/bin/cmake -E cmake_link_script CMakeFiles/cmTC_43201.dir/link.txt --verbose=1
/usr/bin/cc    -fsigned-char -W -Wall -Wreturn-type -Waddress -Wsequence-point -Wformat -Wformat-security -Wmissing-declarations -Wmissing-prototypes -Wstrict-prototypes -Wundef -Winit-self -Wpointer-arith -Wshadow -Wuninitialized -Wno-comment -Wimplicit-fallthrough=3 -Wno-strict-overflow -fdiagnostics-show-option -Wno-long-long -pthread -fomit-frame-pointer -ffunction-sections -fdata-sections  -msse -msse2 -msse3 -fvisibility=hidden  -O3 -DNDEBUG  -DNDEBUG    -Wl,--gc-sections -Wl,--as-needed -Wl,--no-undefined  CMakeFiles/cmTC_43201.dir/CheckSymbolExists.c.o  -o cmTC_43201 
make[1]: Leaving directory '/home/mantaray/AUV/simulation/image_capture/build/CMakeFiles/CMakeTmp'

File /home/mantaray/AUV/simulation/image_capture/build/CMakeFiles/CMakeTmp/CheckSymbolExists.c:
/* */
#include <malloc.h>

int main(int argc, char** argv)
{
  (void)argv;
#ifndef memalign
  return ((int*)(&memalign))[argc];
#else
  (void)argc;
  return 0;
#endif
}

Determining if the include file sys/types.h exists passed with the following output:
Change Dir: /home/mantaray/AUV/simulation/image_capture/build/CMakeFiles/CMakeTmp

Run Build Command:"/usr/bin/make" "cmTC_84f9e/fast"
/usr/bin/make -f CMakeFiles/cmTC_84f9e.dir/build.make CMakeFiles/cmTC_84f9e.dir/build
make[1]: Entering directory '/home/mantaray/AUV/simulation/image_capture/build/CMakeFiles/CMakeTmp'
Building C object CMakeFiles/cmTC_84f9e.dir/CheckIncludeFile.c.o
/usr/bin/cc   -fsigned-char -W -Wall -Wreturn-type -Waddress -Wsequence-point -Wformat -Wformat-security -Wmissing-declarations -Wmissing-prototypes -Wstrict-prototypes -Wundef -Winit-self -Wpointer-arith -Wshadow -Wuninitialized -Wno-comment -Wimplicit-fallthrough=3 -Wno-strict-overflow -fdiagnostics-show-option -Wno-long-long -pthread -fomit-frame-pointer -ffunction-sections -fdata-sections  -msse -msse2 -msse3 -fvisibility=hidden  -O3 -DNDEBUG  -DNDEBUG -fPIE   -o CMakeFiles/cmTC_84f9e.dir/CheckIncludeFile.c.o   -c /home/mantaray/AUV/simulation/image_capture/build/CMakeFiles/CMakeTmp/CheckIncludeFile.c
Linking C executable cmTC_84f9e
/usr/bin/cmake -E cmake_link_script CMakeFiles/cmTC_84f9e.dir/link.txt --verbose=1
/usr/bin/cc    -fsigned-char -W -Wall -Wreturn-type -Waddress -Wsequence-point -Wformat -Wformat-security -Wmissing-declarations -Wmissing-prototypes -Wstrict-prototypes -Wundef -Winit-self -Wpointer-arith -Wshadow -Wuninitialized -Wno-comment -Wimplicit-fallthrough=3 -Wno-strict-overflow -fdiagnostics-show-option -Wno-long-long -pthread -fomit-frame-pointer -ffunction-sections -fdata-sections  -msse -msse2 -msse3 -fvisibility=hidden  -O3 -DNDEBUG  -DNDEBUG    -Wl,--gc-sections -Wl,--as-needed -Wl,--no-undefined  CMakeFiles/cmTC_84f9e.dir/CheckIncludeFile.c.o  -o cmTC_84f9e 
make[1]: Leaving directory '/home/mantaray/AUV/simulation/image_capture/build/CMakeFiles/CMakeTmp'


Determining if the include file stdint.h exists passed with the following output:
Change Dir: /home/mantaray/AUV/simulation/image_capture/build/CMakeFiles/CMakeTmp

Run Build Command:"/usr/bin/make" "cmTC_02589/fast"
/usr/bin/make -f CMakeFiles/cmTC_02589.dir/build.make CMakeFiles/cmTC_02589.dir/build
make[1]: Entering directory '/home/mantaray/AUV/simulation/image_capture/build/CMakeFiles/CMakeTmp'
Building C object CMakeFiles/cmTC_02589.dir/CheckIncludeFile.c.o
/usr/bin/cc   -fsigned-char -W -Wall -Wreturn-type -Waddress -Wsequence-point -Wformat -Wformat-security -Wmissing-declarations -Wmissing-prototypes -Wstrict-prototypes -Wundef -Winit-self -Wpointer-arith -Wshadow -Wuninitialized -Wno-comment -Wimplicit-fallthrough=3 -Wno-strict-overflow -fdiagnostics-show-option -Wno-long-long -pthread -fomit-frame-pointer -ffunction-sections -fdata-sections  -msse -msse2 -msse3 -fvisibility=hidden  -O3 -DNDEBUG  -DNDEBUG -fPIE   -o CMakeFiles/cmTC_02589.dir/CheckIncludeFile.c.o   -c /home/mantaray/AUV/simulation/image_capture/build/CMakeFiles/CMakeTmp/CheckIncludeFile.c
Linking C executable cmTC_02589
/usr/bin/cmake -E cmake_link_script CMakeFiles/cmTC_02589.dir/link.txt --verbose=1
/usr/bin/cc    -fsigned-char -W -Wall -Wreturn-type -Waddress -Wsequence-point -Wformat -Wformat-security -Wmissing-declarations -Wmissing-prototypes -Wstrict-prototypes -Wundef -Winit-self -Wpointer-arith -Wshadow -Wuninitialized -Wno-comment -Wimplicit-fallthrough=3 -Wno-strict-overflow -fdiagnostics-show-option -Wno-long-long -pthread -fomit-frame-pointer -ffunction-sections -fdata-sections  -msse -msse2 -msse3 -fvisibility=hidden  -O3 -DNDEBUG  -DNDEBUG    -Wl,--gc-sections -Wl,--as-needed -Wl,--no-undefined  CMakeFiles/cmTC_02589.dir/CheckIncludeFile.c.o  -o cmTC_02589 
make[1]: Leaving directory '/home/mantaray/AUV/simulation/image_capture/build/CMakeFiles/CMakeTmp'


Determining if the include file stddef.h exists passed with the following output:
Change Dir: /home/mantaray/AUV/simulation/image_capture/build/CMakeFiles/CMakeTmp

Run Build Command:"/usr/bin/make" "cmTC_1943c/fast"
/usr/bin/make -f CMakeFiles/cmTC_1943c.dir/build.make CMakeFiles/cmTC_1943c.dir/build
make[1]: Entering directory '/home/mantaray/AUV/simulation/image_capture/build/CMakeFiles/CMakeTmp'
Building C object CMakeFiles/cmTC_1943c.dir/CheckIncludeFile.c.o
/usr/bin/cc   -fsigned-char -W -Wall -Wreturn-type -Waddress -Wsequence-point -Wformat -Wformat-security -Wmissing-declarations -Wmissing-prototypes -Wstrict-prototypes -Wundef -Winit-self -Wpointer-arith -Wshadow -Wuninitialized -Wno-comment -Wimplicit-fallthrough=3 -Wno-strict-overflow -fdiagnostics-show-option -Wno-long-long -pthread -fomit-frame-pointer -ffunction-sections -fdata-sections  -msse -msse2 -msse3 -fvisibility=hidden  -O3 -DNDEBUG  -DNDEBUG -fPIE   -o CMakeFiles/cmTC_1943c.dir/CheckIncludeFile.c.o   -c /home/mantaray/AUV/simulation/image_capture/build/CMakeFiles/CMakeTmp/CheckIncludeFile.c
Linking C executable cmTC_1943c
/usr/bin/cmake -E cmake_link_script CMakeFiles/cmTC_1943c.dir/link.txt --verbose=1
/usr/bin/cc    -fsigned-char -W -Wall -Wreturn-type -Waddress -Wsequence-point -Wformat -Wformat-security -Wmissing-declarations -Wmissing-prototypes -Wstrict-prototypes -Wundef -Winit-self -Wpointer-arith -Wshadow -Wuninitialized -Wno-comment -Wimplicit-fallthrough=3 -Wno-strict-overflow -fdiagnostics-show-option -Wno-long-long -pthread -fomit-frame-pointer -ffunction-sections -fdata-sections  -msse -msse2 -msse3 -fvisibility=hidden  -O3 -DNDEBUG  -DNDEBUG    -Wl,--gc-sections -Wl,--as-needed -Wl,--no-undefined  CMakeFiles/cmTC_1943c.dir/CheckIncludeFile.c.o  -o cmTC_1943c 
make[1]: Leaving directory '/home/mantaray/AUV/simulation/image_capture/build/CMakeFiles/CMakeTmp'


Determining size of unsigned short passed with the following output:
Change Dir: /home/mantaray/AUV/simulation/image_capture/build/CMakeFiles/CMakeTmp

Run Build Command:"/usr/bin/make" "cmTC_b81b5/fast"
/usr/bin/make -f CMakeFiles/cmTC_b81b5.dir/build.make CMakeFiles/cmTC_b81b5.dir/build
make[1]: Entering directory '/home/mantaray/AUV/simulation/image_capture/build/CMakeFiles/CMakeTmp'
Building C object CMakeFiles/cmTC_b81b5.dir/CMAKE_SIZEOF_UNSIGNED_SHORT.c.o
/usr/bin/cc   -fsigned-char -W -Wall -Wreturn-type -Waddress -Wsequence-point -Wformat -Wformat-security -Wmissing-declarations -Wmissing-prototypes -Wstrict-prototypes -Wundef -Winit-self -Wpointer-arith -Wshadow -Wuninitialized -Wno-comment -Wimplicit-fallthrough=3 -Wno-strict-overflow -fdiagnostics-show-option -Wno-long-long -pthread -fomit-frame-pointer -ffunction-sections -fdata-sections  -msse -msse2 -msse3 -fvisibility=hidden  -O3 -DNDEBUG  -DNDEBUG -fPIE   -o CMakeFiles/cmTC_b81b5.dir/CMAKE_SIZEOF_UNSIGNED_SHORT.c.o   -c /home/mantaray/AUV/simulation/image_capture/build/CMakeFiles/CheckTypeSize/CMAKE_SIZEOF_UNSIGNED_SHORT.c
Linking C executable cmTC_b81b5
/usr/bin/cmake -E cmake_link_script CMakeFiles/cmTC_b81b5.dir/link.txt --verbose=1
/usr/bin/cc    -fsigned-char -W -Wall -Wreturn-type -Waddress -Wsequence-point -Wformat -Wformat-security -Wmissing-declarations -Wmissing-prototypes -Wstrict-prototypes -Wundef -Winit-self -Wpointer-arith -Wshadow -Wuninitialized -Wno-comment -Wimplicit-fallthrough=3 -Wno-strict-overflow -fdiagnostics-show-option -Wno-long-long -pthread -fomit-frame-pointer -ffunction-sections -fdata-sections  -msse -msse2 -msse3 -fvisibility=hidden  -O3 -DNDEBUG  -DNDEBUG    -Wl,--gc-sections -Wl,--as-needed -Wl,--no-undefined  CMakeFiles/cmTC_b81b5.dir/CMAKE_SIZEOF_UNSIGNED_SHORT.c.o  -o cmTC_b81b5 
make[1]: Leaving directory '/home/mantaray/AUV/simulation/image_capture/build/CMakeFiles/CMakeTmp'


Determining if the system is big endian passed with the following output:
Change Dir: /home/mantaray/AUV/simulation/image_capture/build/CMakeFiles/CMakeTmp

Run Build Command:"/usr/bin/make" "cmTC_77e9a/fast"
/usr/bin/make -f CMakeFiles/cmTC_77e9a.dir/build.make CMakeFiles/cmTC_77e9a.dir/build
make[1]: Entering directory '/home/mantaray/AUV/simulation/image_capture/build/CMakeFiles/CMakeTmp'
Building C object CMakeFiles/cmTC_77e9a.dir/TestEndianess.c.o
/usr/bin/cc   -fsigned-char -W -Wall -Wreturn-type -Waddress -Wsequence-point -Wformat -Wformat-security -Wmissing-declarations -Wmissing-prototypes -Wstrict-prototypes -Wundef -Winit-self -Wpointer-arith -Wshadow -Wuninitialized -Wno-comment -Wimplicit-fallthrough=3 -Wno-strict-overflow -fdiagnostics-show-option -Wno-long-long -pthread -fomit-frame-pointer -ffunction-sections -fdata-sections  -msse -msse2 -msse3 -fvisibility=hidden  -O3 -DNDEBUG  -DNDEBUG -fPIE   -o CMakeFiles/cmTC_77e9a.dir/TestEndianess.c.o   -c /home/mantaray/AUV/simulation/image_capture/build/CMakeFiles/CMakeTmp/TestEndianess.c
Linking C executable cmTC_77e9a
/usr/bin/cmake -E cmake_link_script CMakeFiles/cmTC_77e9a.dir/link.txt --verbose=1
/usr/bin/cc    -fsigned-char -W -Wall -Wreturn-type -Waddress -Wsequence-point -Wformat -Wformat-security -Wmissing-declarations -Wmissing-prototypes -Wstrict-prototypes -Wundef -Winit-self -Wpointer-arith -Wshadow -Wuninitialized -Wno-comment -Wimplicit-fallthrough=3 -Wno-strict-overflow -fdiagnostics-show-option -Wno-long-long -pthread -fomit-frame-pointer -ffunction-sections -fdata-sections  -msse -msse2 -msse3 -fvisibility=hidden  -O3 -DNDEBUG  -DNDEBUG    -Wl,--gc-sections -Wl,--as-needed -Wl,--no-undefined  CMakeFiles/cmTC_77e9a.dir/TestEndianess.c.o  -o cmTC_77e9a 
make[1]: Leaving directory '/home/mantaray/AUV/simulation/image_capture/build/CMakeFiles/CMakeTmp'

TestEndianess.c:
/* A 16 bit integer is required. */
typedef unsigned short cmakeint16;

/* On a little endian machine, these 16bit ints will give "THIS IS LITTLE ENDIAN."
   On a big endian machine the characters will be exchanged pairwise. */
const cmakeint16 info_little[] =  {0x4854, 0x5349, 0x4920, 0x2053, 0x494c, 0x5454, 0x454c, 0x4520, 0x444e, 0x4149, 0x2e4e, 0x0000};

/* on a big endian machine, these 16bit ints will give "THIS IS BIG ENDIAN."
   On a little endian machine the characters will be exchanged pairwise. */
const cmakeint16 info_big[] =     {0x5448, 0x4953, 0x2049, 0x5320, 0x4249, 0x4720, 0x454e, 0x4449, 0x414e, 0x2e2e, 0x0000};

#ifdef __CLASSIC_C__
int main(argc, argv) int argc; char *argv[];
#else
int main(int argc, char *argv[])
#endif
{
  int require = 0;
  require += info_little[argc];
  require += info_big[argc];
  (void)argv;
  return require;
}


Determining if the include file /usr/include/libpng/png.h exists passed with the following output:
Change Dir: /home/mantaray/AUV/simulation/image_capture/build/CMakeFiles/CMakeTmp

Run Build Command:"/usr/bin/make" "cmTC_9e81c/fast"
/usr/bin/make -f CMakeFiles/cmTC_9e81c.dir/build.make CMakeFiles/cmTC_9e81c.dir/build
make[1]: Entering directory '/home/mantaray/AUV/simulation/image_capture/build/CMakeFiles/CMakeTmp'
Building C object CMakeFiles/cmTC_9e81c.dir/CheckIncludeFile.c.o
/usr/bin/cc   -fsigned-char -W -Wall -Wreturn-type -Waddress -Wsequence-point -Wformat -Wformat-security -Wmissing-declarations -Wmissing-prototypes -Wstrict-prototypes -Wundef -Winit-self -Wpointer-arith -Wshadow -Wuninitialized -Wno-comment -Wimplicit-fallthrough=3 -Wno-strict-overflow -fdiagnostics-show-option -Wno-long-long -pthread -fomit-frame-pointer -ffunction-sections -fdata-sections  -msse -msse2 -msse3 -fvisibility=hidden  -O3 -DNDEBUG  -DNDEBUG -fPIE   -o CMakeFiles/cmTC_9e81c.dir/CheckIncludeFile.c.o   -c /home/mantaray/AUV/simulation/image_capture/build/CMakeFiles/CMakeTmp/CheckIncludeFile.c
Linking C executable cmTC_9e81c
/usr/bin/cmake -E cmake_link_script CMakeFiles/cmTC_9e81c.dir/link.txt --verbose=1
/usr/bin/cc    -fsigned-char -W -Wall -Wreturn-type -Waddress -Wsequence-point -Wformat -Wformat-security -Wmissing-declarations -Wmissing-prototypes -Wstrict-prototypes -Wundef -Winit-self -Wpointer-arith -Wshadow -Wuninitialized -Wno-comment -Wimplicit-fallthrough=3 -Wno-strict-overflow -fdiagnostics-show-option -Wno-long-long -pthread -fomit-frame-pointer -ffunction-sections -fdata-sections  -msse -msse2 -msse3 -fvisibility=hidden  -O3 -DNDEBUG  -DNDEBUG    -Wl,--gc-sections -Wl,--as-needed -Wl,--no-undefined  CMakeFiles/cmTC_9e81c.dir/CheckIncludeFile.c.o  -o cmTC_9e81c 
make[1]: Leaving directory '/home/mantaray/AUV/simulation/image_capture/build/CMakeFiles/CMakeTmp'


Determining if the function sgemm_ exists passed with the following output:
Change Dir: /home/mantaray/AUV/simulation/image_capture/build/CMakeFiles/CMakeTmp

Run Build Command:"/usr/bin/make" "cmTC_1a45c/fast"
/usr/bin/make -f CMakeFiles/cmTC_1a45c.dir/build.make CMakeFiles/cmTC_1a45c.dir/build
make[1]: Entering directory '/home/mantaray/AUV/simulation/image_capture/build/CMakeFiles/CMakeTmp'
Building C object CMakeFiles/cmTC_1a45c.dir/CheckFunctionExists.c.o
/usr/bin/cc   -fsigned-char -W -Wall -Wreturn-type -Waddress -Wsequence-point -Wformat -Wformat-security -Wmissing-declarations -Wmissing-prototypes -Wstrict-prototypes -Wundef -Winit-self -Wpointer-arith -Wshadow -Wuninitialized -Wno-comment -Wimplicit-fallthrough=3 -Wno-strict-overflow -fdiagnostics-show-option -Wno-long-long -pthread -fomit-frame-pointer -ffunction-sections -fdata-sections  -msse -msse2 -msse3 -fvisibility=hidden -DCHECK_FUNCTION_EXISTS=sgemm_ -O3 -DNDEBUG  -DNDEBUG -fPIE   -o CMakeFiles/cmTC_1a45c.dir/CheckFunctionExists.c.o   -c /usr/share/cmake-3.10/Modules/CheckFunctionExists.c
Linking C executable cmTC_1a45c
/usr/bin/cmake -E cmake_link_script CMakeFiles/cmTC_1a45c.dir/link.txt --verbose=1
/usr/bin/cc    -fsigned-char -W -Wall -Wreturn-type -Waddress -Wsequence-point -Wformat -Wformat-security -Wmissing-declarations -Wmissing-prototypes -Wstrict-prototypes -Wundef -Winit-self -Wpointer-arith -Wshadow -Wuninitialized -Wno-comment -Wimplicit-fallthrough=3 -Wno-strict-overflow -fdiagnostics-show-option -Wno-long-long -pthread -fomit-frame-pointer -ffunction-sections -fdata-sections  -msse -msse2 -msse3 -fvisibility=hidden -DCHECK_FUNCTION_EXISTS=sgemm_ -O3 -DNDEBUG  -DNDEBUG    -Wl,--gc-sections -Wl,--as-needed -Wl,--no-undefined  CMakeFiles/cmTC_1a45c.dir/CheckFunctionExists.c.o  -o cmTC_1a45c /usr/lib/x86_64-linux-gnu/libblas.so 
make[1]: Leaving directory '/home/mantaray/AUV/simulation/image_capture/build/CMakeFiles/CMakeTmp'


Determining if the include file pthread.h exists passed with the following output:
Change Dir: /home/mantaray/AUV/simulation/image_capture/build/CMakeFiles/CMakeTmp

Run Build Command:"/usr/bin/make" "cmTC_c3dea/fast"
/usr/bin/make -f CMakeFiles/cmTC_c3dea.dir/build.make CMakeFiles/cmTC_c3dea.dir/build
make[1]: Entering directory '/home/mantaray/AUV/simulation/image_capture/build/CMakeFiles/CMakeTmp'
Building C object CMakeFiles/cmTC_c3dea.dir/CheckIncludeFile.c.o
/usr/bin/cc   -fsigned-char -W -Wall -Wreturn-type -Waddress -Wsequence-point -Wformat -Wformat-security -Wmissing-declarations -Wmissing-prototypes -Wstrict-prototypes -Wundef -Winit-self -Wpointer-arith -Wshadow -Wuninitialized -Wno-comment -Wimplicit-fallthrough=3 -Wno-strict-overflow -fdiagnostics-show-option -Wno-long-long -pthread -fomit-frame-pointer -ffunction-sections -fdata-sections  -msse -msse2 -msse3 -fvisibility=hidden  -O3 -DNDEBUG  -DNDEBUG -fPIE   -o CMakeFiles/cmTC_c3dea.dir/CheckIncludeFile.c.o   -c /home/mantaray/AUV/simulation/image_capture/build/CMakeFiles/CMakeTmp/CheckIncludeFile.c
Linking C executable cmTC_c3dea
/usr/bin/cmake -E cmake_link_script CMakeFiles/cmTC_c3dea.dir/link.txt --verbose=1
/usr/bin/cc    -fsigned-char -W -Wall -Wreturn-type -Waddress -Wsequence-point -Wformat -Wformat-security -Wmissing-declarations -Wmissing-prototypes -Wstrict-prototypes -Wundef -Winit-self -Wpointer-arith -Wshadow -Wuninitialized -Wno-comment -Wimplicit-fallthrough=3 -Wno-strict-overflow -fdiagnostics-show-option -Wno-long-long -pthread -fomit-frame-pointer -ffunction-sections -fdata-sections  -msse -msse2 -msse3 -fvisibility=hidden  -O3 -DNDEBUG  -DNDEBUG    -Wl,--gc-sections -Wl,--as-needed -Wl,--no-undefined  CMakeFiles/cmTC_c3dea.dir/CheckIncludeFile.c.o  -o cmTC_c3dea 
make[1]: Leaving directory '/home/mantaray/AUV/simulation/image_capture/build/CMakeFiles/CMakeTmp'


Determining if the pthread_create exist passed with the following output:
Change Dir: /home/mantaray/AUV/simulation/image_capture/build/CMakeFiles/CMakeTmp

Run Build Command:"/usr/bin/make" "cmTC_c3da3/fast"
/usr/bin/make -f CMakeFiles/cmTC_c3da3.dir/build.make CMakeFiles/cmTC_c3da3.dir/build
make[1]: Entering directory '/home/mantaray/AUV/simulation/image_capture/build/CMakeFiles/CMakeTmp'
Building C object CMakeFiles/cmTC_c3da3.dir/CheckSymbolExists.c.o
/usr/bin/cc   -fsigned-char -W -Wall -Wreturn-type -Waddress -Wsequence-point -Wformat -Wformat-security -Wmissing-declarations -Wmissing-prototypes -Wstrict-prototypes -Wundef -Winit-self -Wpointer-arith -Wshadow -Wuninitialized -Wno-comment -Wimplicit-fallthrough=3 -Wno-strict-overflow -fdiagnostics-show-option -Wno-long-long -pthread -fomit-frame-pointer -ffunction-sections -fdata-sections  -msse -msse2 -msse3 -fvisibility=hidden  -O3 -DNDEBUG  -DNDEBUG -fPIE   -o CMakeFiles/cmTC_c3da3.dir/CheckSymbolExists.c.o   -c /home/mantaray/AUV/simulation/image_capture/build/CMakeFiles/CMakeTmp/CheckSymbolExists.c
Linking C executable cmTC_c3da3
/usr/bin/cmake -E cmake_link_script CMakeFiles/cmTC_c3da3.dir/link.txt --verbose=1
/usr/bin/cc    -fsigned-char -W -Wall -Wreturn-type -Waddress -Wsequence-point -Wformat -Wformat-security -Wmissing-declarations -Wmissing-prototypes -Wstrict-prototypes -Wundef -Winit-self -Wpointer-arith -Wshadow -Wuninitialized -Wno-comment -Wimplicit-fallthrough=3 -Wno-strict-overflow -fdiagnostics-show-option -Wno-long-long -pthread -fomit-frame-pointer -ffunction-sections -fdata-sections  -msse -msse2 -msse3 -fvisibility=hidden  -O3 -DNDEBUG  -DNDEBUG    -Wl,--gc-sections -Wl,--as-needed -Wl,--no-undefined  CMakeFiles/cmTC_c3da3.dir/CheckSymbolExists.c.o  -o cmTC_c3da3 
make[1]: Leaving directory '/home/mantaray/AUV/simulation/image_capture/build/CMakeFiles/CMakeTmp'

File /home/mantaray/AUV/simulation/image_capture/build/CMakeFiles/CMakeTmp/CheckSymbolExists.c:
/* */
#include <pthread.h>

int main(int argc, char** argv)
{
  (void)argv;
#ifndef pthread_create
  return ((int*)(&pthread_create))[argc];
#else
  (void)argc;
  return 0;
#endif
}

Determining if the function cheev_ exists passed with the following output:
Change Dir: /home/mantaray/AUV/simulation/image_capture/build/CMakeFiles/CMakeTmp

Run Build Command:"/usr/bin/make" "cmTC_8db25/fast"
/usr/bin/make -f CMakeFiles/cmTC_8db25.dir/build.make CMakeFiles/cmTC_8db25.dir/build
make[1]: Entering directory '/home/mantaray/AUV/simulation/image_capture/build/CMakeFiles/CMakeTmp'
Building C object CMakeFiles/cmTC_8db25.dir/CheckFunctionExists.c.o
/usr/bin/cc   -fsigned-char -W -Wall -Wreturn-type -Waddress -Wsequence-point -Wformat -Wformat-security -Wmissing-declarations -Wmissing-prototypes -Wstrict-prototypes -Wundef -Winit-self -Wpointer-arith -Wshadow -Wuninitialized -Wno-comment -Wimplicit-fallthrough=3 -Wno-strict-overflow -fdiagnostics-show-option -Wno-long-long -pthread -fomit-frame-pointer -ffunction-sections -fdata-sections  -msse -msse2 -msse3 -fvisibility=hidden -DCHECK_FUNCTION_EXISTS=cheev_ -O3 -DNDEBUG  -DNDEBUG -fPIE   -o CMakeFiles/cmTC_8db25.dir/CheckFunctionExists.c.o   -c /usr/share/cmake-3.10/Modules/CheckFunctionExists.c
Linking C executable cmTC_8db25
/usr/bin/cmake -E cmake_link_script CMakeFiles/cmTC_8db25.dir/link.txt --verbose=1
/usr/bin/cc    -fsigned-char -W -Wall -Wreturn-type -Waddress -Wsequence-point -Wformat -Wformat-security -Wmissing-declarations -Wmissing-prototypes -Wstrict-prototypes -Wundef -Winit-self -Wpointer-arith -Wshadow -Wuninitialized -Wno-comment -Wimplicit-fallthrough=3 -Wno-strict-overflow -fdiagnostics-show-option -Wno-long-long -pthread -fomit-frame-pointer -ffunction-sections -fdata-sections  -msse -msse2 -msse3 -fvisibility=hidden -DCHECK_FUNCTION_EXISTS=cheev_ -O3 -DNDEBUG  -DNDEBUG    -Wl,--gc-sections -Wl,--as-needed -Wl,--no-undefined  CMakeFiles/cmTC_8db25.dir/CheckFunctionExists.c.o  -o cmTC_8db25 /usr/lib/x86_64-linux-gnu/liblapack.so /usr/lib/x86_64-linux-gnu/libblas.so 
make[1]: Leaving directory '/home/mantaray/AUV/simulation/image_capture/build/CMakeFiles/CMakeTmp'


Determining if the function dlerror exists in the dl passed with the following output:
Change Dir: /home/mantaray/AUV/simulation/image_capture/build/CMakeFiles/CMakeTmp

Run Build Command:"/usr/bin/make" "cmTC_678f0/fast"
/usr/bin/make -f CMakeFiles/cmTC_678f0.dir/build.make CMakeFiles/cmTC_678f0.dir/build
make[1]: Entering directory '/home/mantaray/AUV/simulation/image_capture/build/CMakeFiles/CMakeTmp'
Building C object CMakeFiles/cmTC_678f0.dir/CheckFunctionExists.c.o
/usr/bin/cc   -fsigned-char -W -Wall -Wreturn-type -Waddress -Wsequence-point -Wformat -Wformat-security -Wmissing-declarations -Wmissing-prototypes -Wstrict-prototypes -Wundef -Winit-self -Wpointer-arith -Wshadow -Wuninitialized -Wno-comment -Wimplicit-fallthrough=3 -Wno-strict-overflow -fdiagnostics-show-option -Wno-long-long -pthread -fomit-frame-pointer -ffunction-sections -fdata-sections  -msse -msse2 -msse3 -fvisibility=hidden -DCHECK_FUNCTION_EXISTS=dlerror -O3 -DNDEBUG  -DNDEBUG -fPIE   -o CMakeFiles/cmTC_678f0.dir/CheckFunctionExists.c.o   -c /usr/share/cmake-3.10/Modules/CheckFunctionExists.c
Linking C executable cmTC_678f0
/usr/bin/cmake -E cmake_link_script CMakeFiles/cmTC_678f0.dir/link.txt --verbose=1
/usr/bin/cc    -fsigned-char -W -Wall -Wreturn-type -Waddress -Wsequence-point -Wformat -Wformat-security -Wmissing-declarations -Wmissing-prototypes -Wstrict-prototypes -Wundef -Winit-self -Wpointer-arith -Wshadow -Wuninitialized -Wno-comment -Wimplicit-fallthrough=3 -Wno-strict-overflow -fdiagnostics-show-option -Wno-long-long -pthread -fomit-frame-pointer -ffunction-sections -fdata-sections  -msse -msse2 -msse3 -fvisibility=hidden -DCHECK_FUNCTION_EXISTS=dlerror -O3 -DNDEBUG  -DNDEBUG    -Wl,--gc-sections -Wl,--as-needed -Wl,--no-undefined  CMakeFiles/cmTC_678f0.dir/CheckFunctionExists.c.o  -o cmTC_678f0 -ldl 
make[1]: Leaving directory '/home/mantaray/AUV/simulation/image_capture/build/CMakeFiles/CMakeTmp'


Determining if the include file linux/videodev2.h exists passed with the following output:
Change Dir: /home/mantaray/AUV/simulation/image_capture/build/CMakeFiles/CMakeTmp

Run Build Command:"/usr/bin/make" "cmTC_87ad0/fast"
/usr/bin/make -f CMakeFiles/cmTC_87ad0.dir/build.make CMakeFiles/cmTC_87ad0.dir/build
make[1]: Entering directory '/home/mantaray/AUV/simulation/image_capture/build/CMakeFiles/CMakeTmp'
Building C object CMakeFiles/cmTC_87ad0.dir/CheckIncludeFile.c.o
/usr/bin/cc   -fsigned-char -W -Wall -Wreturn-type -Waddress -Wsequence-point -Wformat -Wformat-security -Wmissing-declarations -Wmissing-prototypes -Wstrict-prototypes -Wundef -Winit-self -Wpointer-arith -Wshadow -Wuninitialized -Wno-comment -Wimplicit-fallthrough=3 -Wno-strict-overflow -fdiagnostics-show-option -Wno-long-long -pthread -fomit-frame-pointer -ffunction-sections -fdata-sections  -msse -msse2 -msse3 -fvisibility=hidden  -O3 -DNDEBUG  -DNDEBUG -fPIE   -o CMakeFiles/cmTC_87ad0.dir/CheckIncludeFile.c.o   -c /home/mantaray/AUV/simulation/image_capture/build/CMakeFiles/CMakeTmp/CheckIncludeFile.c
Linking C executable cmTC_87ad0
/usr/bin/cmake -E cmake_link_script CMakeFiles/cmTC_87ad0.dir/link.txt --verbose=1
/usr/bin/cc    -fsigned-char -W -Wall -Wreturn-type -Waddress -Wsequence-point -Wformat -Wformat-security -Wmissing-declarations -Wmissing-prototypes -Wstrict-prototypes -Wundef -Winit-self -Wpointer-arith -Wshadow -Wuninitialized -Wno-comment -Wimplicit-fallthrough=3 -Wno-strict-overflow -fdiagnostics-show-option -Wno-long-long -pthread -fomit-frame-pointer -ffunction-sections -fdata-sections  -msse -msse2 -msse3 -fvisibility=hidden  -O3 -DNDEBUG  -DNDEBUG    -Wl,--gc-sections -Wl,--as-needed -Wl,--no-undefined  CMakeFiles/cmTC_87ad0.dir/CheckIncludeFile.c.o  -o cmTC_87ad0 
make[1]: Leaving directory '/home/mantaray/AUV/simulation/image_capture/build/CMakeFiles/CMakeTmp'


